NC_000076.7	130530862	98724	0
NC_000077.7	121973369	89926	0
NC_000078.7	120092757	93718	0
NC_000079.7	120883175	115035	0
NC_000080.7	125139656	88912	0
NC_000081.7	104073951	66935	0
NC_000082.7	98008968	62183	0
NC_000083.7	95294699	70261	0
NC_000084.7	90720763	66219	0
NC_000085.7	61420004	39296	0
NC_000067.7	195154279	246939	0
NC_000068.8	181755017	230635	0
NC_000069.7	159745316	111182	0
NC_000070.7	156860686	150709	0
NC_000071.7	151758149	110938	0
NC_000072.7	149588044	108745	0
NC_000073.7	144995196	104076	0
NC_000074.7	130127694	84275	0
NC_000075.7	124359700	171433	0
NC_000086.8	169476592	96274	0
NC_000087.8	91455967	14529	0
*	0	0	0
