NC_000076.7	130530862	97763	0
NC_000077.7	121973369	86199	0
NC_000078.7	120092757	90772	0
NC_000079.7	120883175	112641	0
NC_000080.7	125139656	84676	0
NC_000081.7	104073951	63173	0
NC_000082.7	98008968	60574	0
NC_000083.7	95294699	68921	0
NC_000084.7	90720763	63660	0
NC_000085.7	61420004	38265	0
NC_000067.7	195154279	242592	0
NC_000068.8	181755017	223551	0
NC_000069.7	159745316	108263	0
NC_000070.7	156860686	147685	0
NC_000071.7	151758149	107234	0
NC_000072.7	149588044	105281	0
NC_000073.7	144995196	99838	0
NC_000074.7	130127694	81225	0
NC_000075.7	124359700	146621	0
NC_000086.8	169476592	91750	0
NC_000087.8	91455967	13246	0
*	0	0	0
