NC_000076.7	130530862	123945	0
NC_000077.7	121973369	116375	0
NC_000078.7	120092757	125837	0
NC_000079.7	120883175	143675	0
NC_000080.7	125139656	123040	0
NC_000081.7	104073951	97461	0
NC_000082.7	98008968	86903	0
NC_000083.7	95294699	96511	0
NC_000084.7	90720763	85395	0
NC_000085.7	61420004	55540	0
NC_000067.7	195154279	232814	0
NC_000068.8	181755017	219289	0
NC_000069.7	159745316	149572	0
NC_000070.7	156860686	170752	0
NC_000071.7	151758149	151715	0
NC_000072.7	149588044	143549	0
NC_000073.7	144995196	154172	0
NC_000074.7	130127694	122366	0
NC_000075.7	124359700	185298	0
NC_000086.8	169476592	134330	0
NC_000087.8	91455967	22121	0
*	0	0	0
