NC_000076.7	130530862	94793	0
NC_000077.7	121973369	81882	0
NC_000078.7	120092757	87532	0
NC_000079.7	120883175	111936	0
NC_000080.7	125139656	82163	0
NC_000081.7	104073951	60096	0
NC_000082.7	98008968	58929	0
NC_000083.7	95294699	65869	0
NC_000084.7	90720763	59975	0
NC_000085.7	61420004	36817	0
NC_000067.7	195154279	251263	0
NC_000068.8	181755017	235320	0
NC_000069.7	159745316	102120	0
NC_000070.7	156860686	145116	0
NC_000071.7	151758149	100012	0
NC_000072.7	149588044	100254	0
NC_000073.7	144995196	92274	0
NC_000074.7	130127694	74556	0
NC_000075.7	124359700	168533	0
NC_000086.8	169476592	87108	0
NC_000087.8	91455967	12556	0
*	0	0	0
