NC_000076.7	130530862	122238	0
NC_000077.7	121973369	116339	0
NC_000078.7	120092757	123828	0
NC_000079.7	120883175	141803	0
NC_000080.7	125139656	119617	0
NC_000081.7	104073951	93879	0
NC_000082.7	98008968	84185	0
NC_000083.7	95294699	96184	0
NC_000084.7	90720763	85498	0
NC_000085.7	61420004	54986	0
NC_000067.7	195154279	238134	0
NC_000068.8	181755017	231056	0
NC_000069.7	159745316	143581	0
NC_000070.7	156860686	169537	0
NC_000071.7	151758149	147191	0
NC_000072.7	149588044	139683	0
NC_000073.7	144995196	150822	0
NC_000074.7	130127694	117519	0
NC_000075.7	124359700	186526	0
NC_000086.8	169476592	128363	0
NC_000087.8	91455967	20040	0
*	0	0	0
