NC_000076.7	130530862	125178	0
NC_000077.7	121973369	124819	0
NC_000078.7	120092757	130750	0
NC_000079.7	120883175	148778	0
NC_000080.7	125139656	125342	0
NC_000081.7	104073951	98789	0
NC_000082.7	98008968	87611	0
NC_000083.7	95294699	103679	0
NC_000084.7	90720763	85702	0
NC_000085.7	61420004	57748	0
NC_000067.7	195154279	229340	0
NC_000068.8	181755017	234624	0
NC_000069.7	159745316	145811	0
NC_000070.7	156860686	175084	0
NC_000071.7	151758149	156869	0
NC_000072.7	149588044	145011	0
NC_000073.7	144995196	161697	0
NC_000074.7	130127694	126339	0
NC_000075.7	124359700	207077	0
NC_000086.8	169476592	130950	0
NC_000087.8	91455967	20332	0
*	0	0	0
