SRR4785342.1 1/1 40 0 40 0
SRR4785342.1 1/2 40 0 40 0
SRR4785342.2 2/1 39 0 39 0
SRR4785342.2 2/2 39 0 39 0
SRR4785342.3 3/1 40 0 40 0
SRR4785342.3 3/2 40 0 40 0
SRR4785342.4 4/1 40 0 40 0
SRR4785342.4 4/2 40 0 40 0
SRR4785342.5 5/1 39 0 39 0
SRR4785342.5 5/2 40 0 40 0
SRR4785342.6 6/1 40 0 40 0
SRR4785342.6 6/2 38 0 38 0
SRR4785342.7 7/1 40 0 40 0
SRR4785342.7 7/2 38 0 38 0
SRR4785342.8 8/1 40 0 40 0
SRR4785342.8 8/2 38 0 38 1
SRR4785342.9 9/1 40 0 40 0
SRR4785342.9 9/2 40 0 40 0
SRR4785342.10 10/1 40 0 40 0
SRR4785342.10 10/2 38 0 38 0
SRR4785342.11 11/1 38 0 38 1
SRR4785342.11 11/2 39 0 39 1
SRR4785342.12 12/1 39 0 39 0
SRR4785342.12 12/2 40 0 40 0
SRR4785342.13 13/1 40 0 40 0
SRR4785342.13 13/2 39 0 39 0
SRR4785342.14 14/1 40 0 40 0
SRR4785342.14 14/2 40 0 40 0
SRR4785342.15 15/1 39 0 39 0
SRR4785342.15 15/2 39 0 39 0
SRR4785342.16 16/1 35 0 35 5
SRR4785342.16 16/2 39 0 39 0
SRR4785342.17 17/1 40 0 40 0
SRR4785342.17 17/2 39 0 39 0
SRR4785342.18 18/1 38 0 38 0
SRR4785342.18 18/2 38 0 38 0
SRR4785342.19 19/1 40 0 40 0
SRR4785342.19 19/2 40 0 40 0
SRR4785342.20 20/1 38 0 38 0
SRR4785342.20 20/2 40 0 40 0
SRR4785342.21 21/1 40 0 40 0
SRR4785342.21 21/2 40 0 40 0
SRR4785342.22 22/1 40 0 40 0
SRR4785342.22 22/2 39 0 39 0
SRR4785342.23 23/1 37 0 37 0
SRR4785342.23 23/2 39 0 39 0
SRR4785342.24 24/1 39 0 39 0
SRR4785342.24 24/2 40 0 40 0
SRR4785342.25 25/1 39 0 39 0
SRR4785342.25 25/2 40 0 40 0
SRR4785342.26 26/1 38 0 38 0
SRR4785342.26 26/2 39 0 39 0
SRR4785342.27 27/1 40 0 40 0
SRR4785342.27 27/2 40 0 40 0
SRR4785342.28 28/1 39 0 39 1
SRR4785342.28 28/2 40 0 40 0
SRR4785342.29 29/1 40 0 40 0
SRR4785342.29 29/2 39 0 39 0
SRR4785342.30 30/1 40 0 40 0
SRR4785342.30 30/2 40 0 40 0
SRR4785342.31 31/1 40 0 40 0
SRR4785342.31 31/2 40 0 40 0
SRR4785342.32 32/1 40 0 40 0
SRR4785342.32 32/2 39 0 39 0
SRR4785342.33 33/1 40 0 40 0
SRR4785342.33 33/2 40 0 40 0
SRR4785342.34 34/1 39 0 39 0
SRR4785342.34 34/2 39 0 39 0
SRR4785342.35 35/1 40 0 40 0
SRR4785342.35 35/2 40 0 40 0
SRR4785342.36 36/1 40 0 40 0
SRR4785342.36 36/2 39 0 39 1
SRR4785342.37 37/1 38 0 38 0
SRR4785342.37 37/2 39 0 39 0
SRR4785342.38 38/1 36 0 36 0
SRR4785342.38 38/2 38 0 38 0
SRR4785342.39 39/1 37 0 37 0
SRR4785342.39 39/2 39 0 39 1
SRR4785342.40 40/1 40 0 40 0
SRR4785342.40 40/2 39 0 39 0
SRR4785342.41 41/1 40 0 40 0
SRR4785342.41 41/2 39 0 39 0
SRR4785342.42 42/1 0 0 0 0
SRR4785342.42 42/2 0 0 0 0
SRR4785342.43 43/1 40 0 40 0
SRR4785342.43 43/2 0 0 0 0
SRR4785342.44 44/1 40 0 40 0
SRR4785342.44 44/2 39 0 39 0
SRR4785342.45 45/1 40 0 40 0
SRR4785342.45 45/2 40 0 40 0
SRR4785342.46 46/1 38 0 38 0
SRR4785342.46 46/2 39 0 39 0
SRR4785342.47 47/1 40 0 40 0
SRR4785342.47 47/2 39 0 39 0
SRR4785342.48 48/1 38 0 38 0
SRR4785342.48 48/2 39 0 39 0
SRR4785342.49 49/1 39 0 39 1
SRR4785342.49 49/2 40 0 40 0
SRR4785342.50 50/1 40 0 40 0
SRR4785342.50 50/2 39 0 39 0
SRR4785342.51 51/1 40 0 40 0
SRR4785342.51 51/2 40 0 40 0
SRR4785342.52 52/1 39 0 39 0
SRR4785342.52 52/2 40 0 40 0
SRR4785342.53 53/1 40 0 40 0
SRR4785342.53 53/2 37 0 37 3
SRR4785342.54 54/1 38 0 38 0
SRR4785342.54 54/2 40 0 40 0
SRR4785342.55 55/1 38 0 38 0
SRR4785342.55 55/2 39 0 39 0
SRR4785342.56 56/1 39 0 39 0
SRR4785342.56 56/2 39 0 39 0
SRR4785342.57 57/1 40 0 40 0
SRR4785342.57 57/2 40 0 40 0
SRR4785342.58 58/1 38 0 38 0
SRR4785342.58 58/2 40 0 40 0
SRR4785342.59 59/1 38 0 38 0
SRR4785342.59 59/2 39 0 39 0
SRR4785342.60 60/1 39 0 39 0
SRR4785342.60 60/2 40 0 40 0
SRR4785342.61 61/1 39 0 39 0
SRR4785342.61 61/2 40 0 40 0
SRR4785342.62 62/1 38 0 38 0
SRR4785342.62 62/2 40 0 40 0
SRR4785342.63 63/1 40 0 40 0
SRR4785342.63 63/2 40 0 40 0
SRR4785342.64 64/1 40 0 40 0
SRR4785342.64 64/2 40 0 40 0
SRR4785342.65 65/1 40 0 40 0
SRR4785342.65 65/2 40 0 40 0
SRR4785342.66 66/1 39 0 39 0
SRR4785342.66 66/2 40 0 40 0
SRR4785342.67 67/1 38 0 38 0
SRR4785342.67 67/2 40 0 40 0
SRR4785342.68 68/1 40 0 40 0
SRR4785342.68 68/2 40 0 40 0
SRR4785342.69 69/1 39 0 39 0
SRR4785342.69 69/2 40 0 40 0
SRR4785342.70 70/1 40 0 40 0
SRR4785342.70 70/2 40 0 40 0
SRR4785342.71 71/1 40 0 40 0
SRR4785342.71 71/2 40 0 40 0
SRR4785342.72 72/1 39 0 39 0
SRR4785342.72 72/2 40 0 40 0
SRR4785342.73 73/1 40 0 40 0
SRR4785342.73 73/2 40 0 40 0
SRR4785342.74 74/1 40 0 40 0
SRR4785342.74 74/2 39 0 39 0
SRR4785342.75 75/1 40 0 40 0
SRR4785342.75 75/2 40 0 40 0
SRR4785342.76 76/1 38 0 38 0
SRR4785342.76 76/2 40 0 40 0
SRR4785342.77 77/1 40 0 40 0
SRR4785342.77 77/2 40 0 40 0
SRR4785342.78 78/1 40 0 40 0
SRR4785342.78 78/2 37 0 37 0
SRR4785342.79 79/1 40 0 40 0
SRR4785342.79 79/2 40 0 40 0
SRR4785342.80 80/1 38 0 38 0
SRR4785342.80 80/2 40 0 40 0
SRR4785342.81 81/1 40 0 40 0
SRR4785342.81 81/2 39 0 39 0
SRR4785342.82 82/1 40 0 40 0
SRR4785342.82 82/2 39 0 39 0
SRR4785342.83 83/1 39 0 39 0
SRR4785342.83 83/2 39 0 39 0
SRR4785342.84 84/1 40 0 40 0
SRR4785342.84 84/2 40 0 40 0
SRR4785342.85 85/1 40 0 40 0
SRR4785342.85 85/2 38 0 38 0
SRR4785342.86 86/1 39 0 39 0
SRR4785342.86 86/2 39 0 39 1
SRR4785342.87 87/1 40 0 40 0
SRR4785342.87 87/2 40 0 40 0
SRR4785342.88 88/1 38 0 38 0
SRR4785342.88 88/2 39 0 39 0
SRR4785342.89 89/1 40 0 40 0
SRR4785342.89 89/2 40 0 40 0
SRR4785342.90 90/1 40 0 40 0
SRR4785342.90 90/2 40 0 40 0
SRR4785342.91 91/1 40 0 40 0
SRR4785342.91 91/2 39 0 39 1
SRR4785342.92 92/1 40 0 40 0
SRR4785342.92 92/2 40 0 40 0
SRR4785342.93 93/1 40 0 40 0
SRR4785342.93 93/2 40 0 40 0
SRR4785342.94 94/1 40 0 40 0
SRR4785342.94 94/2 39 0 39 0
SRR4785342.95 95/1 39 0 39 0
SRR4785342.95 95/2 40 0 40 0
SRR4785342.96 96/1 40 0 40 0
SRR4785342.96 96/2 39 0 39 0
SRR4785342.97 97/1 39 0 39 0
SRR4785342.97 97/2 40 0 40 0
SRR4785342.98 98/1 40 0 40 0
SRR4785342.98 98/2 40 0 40 0
SRR4785342.99 99/1 40 0 40 0
SRR4785342.99 99/2 40 0 40 0
SRR4785342.100 100/1 40 0 40 0
SRR4785342.100 100/2 39 0 39 0
SRR4785342.101 101/1 40 0 40 0
SRR4785342.101 101/2 40 0 40 0
SRR4785342.102 102/1 40 0 40 0
SRR4785342.102 102/2 39 0 39 1
SRR4785342.103 103/1 38 0 38 0
SRR4785342.103 103/2 40 0 40 0
SRR4785342.104 104/1 40 0 40 0
SRR4785342.104 104/2 39 0 39 0
SRR4785342.105 105/1 40 0 40 0
SRR4785342.105 105/2 39 0 39 0
SRR4785342.106 106/1 39 0 39 0
SRR4785342.106 106/2 39 0 39 0
SRR4785342.107 107/1 39 0 39 0
SRR4785342.107 107/2 40 0 40 0
SRR4785342.108 108/1 39 0 39 0
SRR4785342.108 108/2 40 0 40 0
SRR4785342.109 109/1 40 0 40 0
SRR4785342.109 109/2 40 0 40 0
SRR4785342.110 110/1 40 0 40 0
SRR4785342.110 110/2 40 0 40 0
SRR4785342.111 111/1 40 0 40 0
SRR4785342.111 111/2 40 0 40 0
SRR4785342.112 112/1 40 0 40 0
SRR4785342.112 112/2 40 0 40 0
SRR4785342.113 113/1 40 0 40 0
SRR4785342.113 113/2 40 0 40 0
SRR4785342.114 114/1 37 0 37 0
SRR4785342.114 114/2 38 0 38 0
SRR4785342.115 115/1 39 0 39 0
SRR4785342.115 115/2 40 0 40 0
SRR4785342.116 116/1 40 0 40 0
SRR4785342.116 116/2 40 0 40 0
SRR4785342.117 117/1 40 0 40 0
SRR4785342.117 117/2 39 0 39 0
SRR4785342.118 118/1 40 0 40 0
SRR4785342.118 118/2 39 0 39 0
SRR4785342.119 119/1 39 0 39 0
SRR4785342.119 119/2 38 0 38 0
SRR4785342.120 120/1 40 0 40 0
SRR4785342.120 120/2 40 0 40 0
SRR4785342.121 121/1 40 0 40 0
SRR4785342.121 121/2 40 0 40 0
SRR4785342.122 122/1 40 0 40 0
SRR4785342.122 122/2 39 0 39 0
SRR4785342.123 123/1 40 0 40 0
SRR4785342.123 123/2 40 0 40 0
SRR4785342.124 124/1 40 0 40 0
SRR4785342.124 124/2 40 0 40 0
SRR4785342.125 125/1 39 0 39 0
SRR4785342.125 125/2 40 0 40 0
SRR4785342.126 126/1 40 0 40 0
SRR4785342.126 126/2 39 0 39 0
SRR4785342.127 127/1 39 0 39 0
SRR4785342.127 127/2 40 0 40 0
SRR4785342.128 128/1 40 0 40 0
SRR4785342.128 128/2 40 0 40 0
SRR4785342.129 129/1 40 0 40 0
SRR4785342.129 129/2 39 0 39 0
SRR4785342.130 130/1 39 0 39 0
SRR4785342.130 130/2 39 0 39 1
SRR4785342.131 131/1 40 0 40 0
SRR4785342.131 131/2 40 0 40 0
SRR4785342.132 132/1 38 0 38 0
SRR4785342.132 132/2 37 0 37 0
SRR4785342.133 133/1 40 0 40 0
SRR4785342.133 133/2 40 0 40 0
SRR4785342.134 134/1 39 0 39 0
SRR4785342.134 134/2 40 0 40 0
SRR4785342.135 135/1 40 0 40 0
SRR4785342.135 135/2 40 0 40 0
SRR4785342.136 136/1 40 0 40 0
SRR4785342.136 136/2 39 0 39 0
SRR4785342.137 137/1 40 0 40 0
SRR4785342.137 137/2 40 0 40 0
SRR4785342.138 138/1 39 0 39 0
SRR4785342.138 138/2 40 0 40 0
SRR4785342.139 139/1 40 0 40 0
SRR4785342.139 139/2 38 0 38 0
SRR4785342.140 140/1 39 0 39 0
SRR4785342.140 140/2 40 0 40 0
SRR4785342.141 141/1 39 0 39 0
SRR4785342.141 141/2 39 0 39 0
SRR4785342.142 142/1 39 0 39 0
SRR4785342.142 142/2 39 0 39 0
SRR4785342.143 143/1 40 0 40 0
SRR4785342.143 143/2 38 0 38 0
SRR4785342.144 144/1 0 0 0 0
SRR4785342.144 144/2 40 0 40 0
SRR4785342.145 145/1 37 0 37 0
SRR4785342.145 145/2 40 0 40 0
SRR4785342.146 146/1 40 0 40 0
SRR4785342.146 146/2 40 0 40 0
SRR4785342.147 147/1 39 0 39 0
SRR4785342.147 147/2 40 0 40 0
SRR4785342.148 148/1 40 0 40 0
SRR4785342.148 148/2 40 0 40 0
SRR4785342.149 149/1 38 0 38 0
SRR4785342.149 149/2 40 0 40 0
SRR4785342.150 150/1 40 0 40 0
SRR4785342.150 150/2 40 0 40 0
SRR4785342.151 151/1 40 0 40 0
SRR4785342.151 151/2 40 0 40 0
SRR4785342.152 152/1 40 0 40 0
SRR4785342.152 152/2 38 0 38 1
SRR4785342.153 153/1 40 0 40 0
SRR4785342.153 153/2 39 0 39 0
SRR4785342.154 154/1 40 0 40 0
SRR4785342.154 154/2 39 0 39 0
SRR4785342.155 155/1 40 0 40 0
SRR4785342.155 155/2 40 0 40 0
SRR4785342.156 156/1 40 0 40 0
SRR4785342.156 156/2 40 0 40 0
SRR4785342.157 157/1 38 0 38 0
SRR4785342.157 157/2 36 0 36 0
SRR4785342.158 158/1 40 0 40 0
SRR4785342.158 158/2 38 0 38 0
SRR4785342.159 159/1 40 0 40 0
SRR4785342.159 159/2 40 0 40 0
SRR4785342.160 160/1 40 0 40 0
SRR4785342.160 160/2 40 0 40 0
SRR4785342.161 161/1 38 0 38 0
SRR4785342.161 161/2 40 0 40 0
SRR4785342.162 162/1 38 0 38 0
SRR4785342.162 162/2 40 0 40 0
SRR4785342.163 163/1 39 0 39 0
SRR4785342.163 163/2 38 0 38 0
SRR4785342.164 164/1 40 0 40 0
SRR4785342.164 164/2 40 0 40 0
SRR4785342.165 165/1 40 0 40 0
SRR4785342.165 165/2 39 0 39 1
SRR4785342.166 166/1 38 0 38 0
SRR4785342.166 166/2 39 0 39 0
SRR4785342.167 167/1 40 0 40 0
SRR4785342.167 167/2 40 0 40 0
SRR4785342.168 168/1 40 0 40 0
SRR4785342.168 168/2 39 0 39 0
SRR4785342.169 169/1 40 0 40 0
SRR4785342.169 169/2 40 0 40 0
SRR4785342.170 170/1 40 0 40 0
SRR4785342.170 170/2 37 0 37 0
SRR4785342.171 171/1 40 0 40 0
SRR4785342.171 171/2 40 0 40 0
SRR4785342.172 172/1 39 0 39 0
SRR4785342.172 172/2 40 0 40 0
SRR4785342.173 173/1 40 0 40 0
SRR4785342.173 173/2 40 0 40 0
SRR4785342.174 174/1 39 0 39 0
SRR4785342.174 174/2 39 0 39 0
SRR4785342.175 175/1 40 0 40 0
SRR4785342.175 175/2 40 0 40 0
SRR4785342.176 176/1 40 0 40 0
SRR4785342.176 176/2 39 0 39 1
SRR4785342.177 177/1 39 0 39 0
SRR4785342.177 177/2 38 0 38 0
SRR4785342.178 178/1 39 0 39 0
SRR4785342.178 178/2 39 0 39 0
SRR4785342.179 179/1 40 0 40 0
SRR4785342.179 179/2 39 0 39 0
SRR4785342.180 180/1 40 0 40 0
SRR4785342.180 180/2 39 0 39 1
SRR4785342.181 181/1 40 0 40 0
SRR4785342.181 181/2 40 0 40 0
SRR4785342.182 182/1 40 0 40 0
SRR4785342.182 182/2 40 0 40 0
SRR4785342.183 183/1 39 0 39 0
SRR4785342.183 183/2 40 0 40 0
SRR4785342.184 184/1 38 0 38 1
SRR4785342.184 184/2 38 0 38 0
SRR4785342.185 185/1 40 0 40 0
SRR4785342.185 185/2 39 0 39 0
SRR4785342.186 186/1 40 0 40 0
SRR4785342.186 186/2 40 0 40 0
SRR4785342.187 187/1 38 0 38 0
SRR4785342.187 187/2 39 0 39 0
SRR4785342.188 188/1 38 0 38 0
SRR4785342.188 188/2 39 0 39 0
SRR4785342.189 189/1 38 0 38 0
SRR4785342.189 189/2 38 0 38 0
SRR4785342.190 190/1 40 0 40 0
SRR4785342.190 190/2 37 0 37 3
SRR4785342.191 191/1 40 0 40 0
SRR4785342.191 191/2 40 0 40 0
SRR4785342.192 192/1 40 0 40 0
SRR4785342.192 192/2 40 0 40 0
SRR4785342.193 193/1 40 0 40 0
SRR4785342.193 193/2 40 0 40 0
SRR4785342.194 194/1 38 0 38 0
SRR4785342.194 194/2 39 0 39 0
SRR4785342.195 195/1 40 0 40 0
SRR4785342.195 195/2 39 0 39 0
SRR4785342.196 196/1 40 0 40 0
SRR4785342.196 196/2 40 0 40 0
SRR4785342.197 197/1 40 0 40 0
SRR4785342.197 197/2 38 0 38 1
SRR4785342.198 198/1 40 0 40 0
SRR4785342.198 198/2 39 0 39 0
SRR4785342.199 199/1 40 0 40 0
SRR4785342.199 199/2 38 0 38 0
SRR4785342.200 200/1 40 0 40 0
SRR4785342.200 200/2 38 0 38 0
SRR4785342.201 201/1 40 0 40 0
SRR4785342.201 201/2 40 0 40 0
SRR4785342.202 202/1 39 0 39 0
SRR4785342.202 202/2 40 0 40 0
SRR4785342.203 203/1 40 0 40 0
SRR4785342.203 203/2 34 0 34 5
SRR4785342.204 204/1 39 0 39 0
SRR4785342.204 204/2 0 0 0 0
SRR4785342.205 205/1 40 0 40 0
SRR4785342.205 205/2 37 0 37 0
SRR4785342.206 206/1 37 0 37 0
SRR4785342.206 206/2 39 0 39 0
SRR4785342.207 207/1 40 0 40 0
SRR4785342.207 207/2 39 0 39 0
SRR4785342.208 208/1 40 0 40 0
SRR4785342.208 208/2 40 0 40 0
SRR4785342.209 209/1 39 0 39 0
SRR4785342.209 209/2 0 0 0 0
SRR4785342.210 210/1 40 0 40 0
SRR4785342.210 210/2 40 0 40 0
SRR4785342.211 211/1 40 0 40 0
SRR4785342.211 211/2 40 0 40 0
SRR4785342.212 212/1 40 0 40 0
SRR4785342.212 212/2 40 0 40 0
SRR4785342.213 213/1 40 0 40 0
SRR4785342.213 213/2 40 0 40 0
SRR4785342.214 214/1 39 0 39 0
SRR4785342.214 214/2 38 0 38 0
SRR4785342.215 215/1 40 0 40 0
SRR4785342.215 215/2 38 0 38 1
SRR4785342.216 216/1 40 0 40 0
SRR4785342.216 216/2 40 0 40 0
SRR4785342.217 217/1 38 0 38 0
SRR4785342.217 217/2 40 0 40 0
SRR4785342.218 218/1 39 0 39 0
SRR4785342.218 218/2 40 0 40 0
SRR4785342.219 219/1 39 0 39 0
SRR4785342.219 219/2 40 0 40 0
SRR4785342.220 220/1 40 0 40 0
SRR4785342.220 220/2 40 0 40 0
SRR4785342.221 221/1 40 0 40 0
SRR4785342.221 221/2 39 0 39 0
SRR4785342.222 222/1 40 0 40 0
SRR4785342.222 222/2 39 0 39 0
SRR4785342.223 223/1 40 0 40 0
SRR4785342.223 223/2 40 0 40 0
SRR4785342.224 224/1 38 0 38 0
SRR4785342.224 224/2 38 0 38 0
SRR4785342.225 225/1 39 0 39 0
SRR4785342.225 225/2 38 0 38 0
SRR4785342.226 226/1 40 0 40 0
SRR4785342.226 226/2 36 0 36 1
SRR4785342.227 227/1 40 0 40 0
SRR4785342.227 227/2 39 0 39 0
SRR4785342.228 228/1 40 0 40 0
SRR4785342.228 228/2 38 0 38 0
SRR4785342.229 229/1 40 0 40 0
SRR4785342.229 229/2 40 0 40 0
SRR4785342.230 230/1 40 0 40 0
SRR4785342.230 230/2 40 0 40 0
SRR4785342.231 231/1 40 0 40 0
SRR4785342.231 231/2 39 0 39 1
SRR4785342.232 232/1 40 0 40 0
SRR4785342.232 232/2 38 0 38 0
SRR4785342.233 233/1 39 0 39 0
SRR4785342.233 233/2 39 0 39 0
SRR4785342.234 234/1 38 0 38 0
SRR4785342.234 234/2 40 0 40 0
SRR4785342.235 235/1 40 0 40 0
SRR4785342.235 235/2 38 0 38 0
SRR4785342.236 236/1 40 0 40 0
SRR4785342.236 236/2 40 0 40 0
SRR4785342.237 237/1 40 0 40 0
SRR4785342.237 237/2 40 0 40 0
SRR4785342.238 238/1 40 0 40 0
SRR4785342.238 238/2 40 0 40 0
SRR4785342.239 239/1 40 0 40 0
SRR4785342.239 239/2 39 0 39 0
SRR4785342.240 240/1 40 0 40 0
SRR4785342.240 240/2 39 0 39 0
SRR4785342.241 241/1 40 0 40 0
SRR4785342.241 241/2 39 0 39 0
SRR4785342.242 242/1 39 0 39 0
SRR4785342.242 242/2 40 0 40 0
SRR4785342.243 243/1 39 0 39 0
SRR4785342.243 243/2 40 0 40 0
SRR4785342.244 244/1 40 0 40 0
SRR4785342.244 244/2 39 0 39 0
SRR4785342.245 245/1 40 0 40 0
SRR4785342.245 245/2 39 0 39 0
SRR4785342.246 246/1 40 0 40 0
SRR4785342.246 246/2 40 0 40 0
SRR4785342.247 247/1 40 0 40 0
SRR4785342.247 247/2 40 0 40 0
SRR4785342.248 248/1 40 0 40 0
SRR4785342.248 248/2 40 0 40 0
SRR4785342.249 249/1 40 0 40 0
SRR4785342.249 249/2 39 0 39 1
SRR4785342.250 250/1 40 0 40 0
SRR4785342.250 250/2 39 0 39 0
SRR4785342.251 251/1 40 0 40 0
SRR4785342.251 251/2 40 0 40 0
SRR4785342.252 252/1 40 0 40 0
SRR4785342.252 252/2 39 0 39 0
SRR4785342.253 253/1 40 0 40 0
SRR4785342.253 253/2 40 0 40 0
SRR4785342.254 254/1 36 0 36 0
SRR4785342.254 254/2 36 0 36 0
SRR4785342.255 255/1 40 0 40 0
SRR4785342.255 255/2 38 0 38 2
SRR4785342.256 256/1 40 0 40 0
SRR4785342.256 256/2 40 0 40 0
SRR4785342.257 257/1 39 0 39 0
SRR4785342.257 257/2 38 0 38 0
SRR4785342.258 258/1 40 0 40 0
SRR4785342.258 258/2 39 0 39 0
SRR4785342.259 259/1 40 0 40 0
SRR4785342.259 259/2 39 0 39 1
SRR4785342.260 260/1 40 0 40 0
SRR4785342.260 260/2 40 0 40 0
SRR4785342.261 261/1 40 0 40 0
SRR4785342.261 261/2 40 0 40 0
SRR4785342.262 262/1 40 0 40 0
SRR4785342.262 262/2 40 0 40 0
SRR4785342.263 263/1 40 0 40 0
SRR4785342.263 263/2 39 0 39 0
SRR4785342.264 264/1 38 0 38 0
SRR4785342.264 264/2 40 0 40 0
SRR4785342.265 265/1 38 0 38 0
SRR4785342.265 265/2 40 0 40 0
SRR4785342.266 266/1 40 0 40 0
SRR4785342.266 266/2 38 0 38 0
SRR4785342.267 267/1 40 0 40 0
SRR4785342.267 267/2 40 0 40 0
SRR4785342.268 268/1 39 0 39 0
SRR4785342.268 268/2 0 0 0 0
SRR4785342.269 269/1 40 0 40 0
SRR4785342.269 269/2 38 0 38 0
SRR4785342.270 270/1 40 0 40 0
SRR4785342.270 270/2 38 0 38 0
SRR4785342.271 271/1 39 0 39 0
SRR4785342.271 271/2 40 0 40 0
SRR4785342.272 272/1 39 0 39 0
SRR4785342.272 272/2 39 0 39 0
SRR4785342.273 273/1 0 0 0 0
SRR4785342.273 273/2 39 0 39 0
SRR4785342.274 274/1 39 0 39 0
SRR4785342.274 274/2 40 0 40 0
SRR4785342.275 275/1 40 0 40 0
SRR4785342.275 275/2 39 0 39 0
SRR4785342.276 276/1 39 0 39 0
SRR4785342.276 276/2 39 0 39 0
SRR4785342.277 277/1 39 0 39 0
SRR4785342.277 277/2 40 0 40 0
SRR4785342.278 278/1 40 0 40 0
SRR4785342.278 278/2 39 0 39 0
SRR4785342.279 279/1 40 0 40 0
SRR4785342.279 279/2 39 0 39 0
SRR4785342.280 280/1 39 0 39 0
SRR4785342.280 280/2 39 0 39 0
SRR4785342.281 281/1 40 0 40 0
SRR4785342.281 281/2 38 0 38 0
SRR4785342.282 282/1 37 0 37 0
SRR4785342.282 282/2 37 0 37 0
SRR4785342.283 283/1 40 0 40 0
SRR4785342.283 283/2 40 0 40 0
SRR4785342.284 284/1 40 0 40 0
SRR4785342.284 284/2 40 0 40 0
SRR4785342.285 285/1 38 0 38 0
SRR4785342.285 285/2 39 0 39 0
SRR4785342.286 286/1 40 0 40 0
SRR4785342.286 286/2 40 0 40 0
SRR4785342.287 287/1 40 0 40 0
SRR4785342.287 287/2 38 0 38 0
SRR4785342.288 288/1 40 0 40 0
SRR4785342.288 288/2 40 0 40 0
SRR4785342.289 289/1 40 0 40 0
SRR4785342.289 289/2 40 0 40 0
SRR4785342.290 290/1 40 0 40 0
SRR4785342.290 290/2 40 0 40 0
SRR4785342.291 291/1 40 0 40 0
SRR4785342.291 291/2 40 0 40 0
SRR4785342.292 292/1 40 0 40 0
SRR4785342.292 292/2 40 0 40 0
SRR4785342.293 293/1 40 0 40 0
SRR4785342.293 293/2 40 0 40 0
SRR4785342.294 294/1 40 0 40 0
SRR4785342.294 294/2 37 0 37 0
SRR4785342.295 295/1 39 0 39 0
SRR4785342.295 295/2 38 0 38 0
SRR4785342.296 296/1 40 0 40 0
SRR4785342.296 296/2 39 0 39 0
SRR4785342.297 297/1 39 0 39 0
SRR4785342.297 297/2 40 0 40 0
SRR4785342.298 298/1 40 0 40 0
SRR4785342.298 298/2 36 0 36 0
SRR4785342.299 299/1 40 0 40 0
SRR4785342.299 299/2 40 0 40 0
SRR4785342.300 300/1 39 0 39 0
SRR4785342.300 300/2 39 0 39 0
SRR4785342.301 301/1 40 0 40 0
SRR4785342.301 301/2 39 0 39 0
SRR4785342.302 302/1 40 0 40 0
SRR4785342.302 302/2 39 0 39 0
SRR4785342.303 303/1 40 0 40 0
SRR4785342.303 303/2 38 0 38 0
SRR4785342.304 304/1 40 0 40 0
SRR4785342.304 304/2 40 0 40 0
SRR4785342.305 305/1 40 0 40 0
SRR4785342.305 305/2 40 0 40 0
SRR4785342.306 306/1 39 0 39 0
SRR4785342.306 306/2 40 0 40 0
SRR4785342.307 307/1 40 0 40 0
SRR4785342.307 307/2 40 0 40 0
SRR4785342.308 308/1 39 0 39 0
SRR4785342.308 308/2 37 0 37 0
SRR4785342.309 309/1 39 0 39 0
SRR4785342.309 309/2 40 0 40 0
SRR4785342.310 310/1 40 0 40 0
SRR4785342.310 310/2 39 0 39 0
SRR4785342.311 311/1 40 0 40 0
SRR4785342.311 311/2 40 0 40 0
SRR4785342.312 312/1 38 0 38 0
SRR4785342.312 312/2 40 0 40 0
SRR4785342.313 313/1 38 0 38 0
SRR4785342.313 313/2 38 0 38 0
SRR4785342.314 314/1 38 0 38 0
SRR4785342.314 314/2 40 0 40 0
SRR4785342.315 315/1 39 0 39 0
SRR4785342.315 315/2 40 0 40 0
SRR4785342.316 316/1 0 0 0 0
SRR4785342.316 316/2 39 0 39 0
SRR4785342.317 317/1 40 0 40 0
SRR4785342.317 317/2 39 0 39 1
SRR4785342.318 318/1 40 0 40 0
SRR4785342.318 318/2 38 0 38 0
SRR4785342.319 319/1 39 0 39 0
SRR4785342.319 319/2 38 0 38 0
SRR4785342.320 320/1 40 0 40 0
SRR4785342.320 320/2 39 0 39 0
SRR4785342.321 321/1 40 0 40 0
SRR4785342.321 321/2 39 0 39 0
SRR4785342.322 322/1 40 0 40 0
SRR4785342.322 322/2 40 0 40 0
SRR4785342.323 323/1 40 0 40 0
SRR4785342.323 323/2 40 0 40 0
SRR4785342.324 324/1 39 0 39 0
SRR4785342.324 324/2 40 0 40 0
SRR4785342.325 325/1 40 0 40 0
SRR4785342.325 325/2 40 0 40 0
SRR4785342.326 326/1 37 0 37 0
SRR4785342.326 326/2 40 0 40 0
SRR4785342.327 327/1 40 0 40 0
SRR4785342.327 327/2 39 0 39 0
SRR4785342.328 328/1 40 0 40 0
SRR4785342.328 328/2 40 0 40 0
SRR4785342.329 329/1 40 0 40 0
SRR4785342.329 329/2 40 0 40 0
SRR4785342.330 330/1 39 0 39 0
SRR4785342.330 330/2 40 0 40 0
SRR4785342.331 331/1 40 0 40 0
SRR4785342.331 331/2 40 0 40 0
SRR4785342.332 332/1 40 0 40 0
SRR4785342.332 332/2 40 0 40 0
SRR4785342.333 333/1 38 0 38 0
SRR4785342.333 333/2 40 0 40 0
SRR4785342.334 334/1 38 0 38 0
SRR4785342.334 334/2 39 0 39 0
SRR4785342.335 335/1 39 0 39 0
SRR4785342.335 335/2 40 0 40 0
SRR4785342.336 336/1 40 0 40 0
SRR4785342.336 336/2 39 0 39 1
SRR4785342.337 337/1 39 0 39 0
SRR4785342.337 337/2 39 0 39 0
SRR4785342.338 338/1 40 0 40 0
SRR4785342.338 338/2 40 0 40 0
SRR4785342.339 339/1 40 0 40 0
SRR4785342.339 339/2 38 0 38 0
SRR4785342.340 340/1 0 0 0 0
SRR4785342.340 340/2 0 0 0 0
SRR4785342.341 341/1 40 0 40 0
SRR4785342.341 341/2 40 0 40 0
SRR4785342.342 342/1 38 0 38 1
SRR4785342.342 342/2 40 0 40 0
SRR4785342.343 343/1 39 0 39 0
SRR4785342.343 343/2 40 0 40 0
SRR4785342.344 344/1 39 0 39 0
SRR4785342.344 344/2 40 0 40 0
SRR4785342.345 345/1 40 0 40 0
SRR4785342.345 345/2 40 0 40 0
SRR4785342.346 346/1 40 0 40 0
SRR4785342.346 346/2 39 0 39 0
SRR4785342.347 347/1 40 0 40 0
SRR4785342.347 347/2 40 0 40 0
SRR4785342.348 348/1 38 0 38 0
SRR4785342.348 348/2 39 0 39 0
SRR4785342.349 349/1 40 0 40 0
SRR4785342.349 349/2 40 0 40 0
SRR4785342.350 350/1 40 0 40 0
SRR4785342.350 350/2 39 0 39 0
SRR4785342.351 351/1 40 0 40 0
SRR4785342.351 351/2 40 0 40 0
SRR4785342.352 352/1 40 0 40 0
SRR4785342.352 352/2 39 0 39 0
SRR4785342.353 353/1 40 0 40 0
SRR4785342.353 353/2 40 0 40 0
SRR4785342.354 354/1 40 0 40 0
SRR4785342.354 354/2 39 0 39 0
SRR4785342.355 355/1 40 0 40 0
SRR4785342.355 355/2 38 0 38 0
SRR4785342.356 356/1 40 0 40 0
SRR4785342.356 356/2 40 0 40 0
SRR4785342.357 357/1 40 0 40 0
SRR4785342.357 357/2 39 0 39 0
SRR4785342.358 358/1 40 0 40 0
SRR4785342.358 358/2 40 0 40 0
SRR4785342.359 359/1 39 0 39 0
SRR4785342.359 359/2 40 0 40 0
SRR4785342.360 360/1 40 0 40 0
SRR4785342.360 360/2 40 0 40 0
SRR4785342.361 361/1 40 0 40 0
SRR4785342.361 361/2 40 0 40 0
SRR4785342.362 362/1 40 0 40 0
SRR4785342.362 362/2 39 0 39 0
SRR4785342.363 363/1 38 0 38 0
SRR4785342.363 363/2 39 0 39 0
SRR4785342.364 364/1 40 0 40 0
SRR4785342.364 364/2 40 0 40 0
SRR4785342.365 365/1 40 0 40 0
SRR4785342.365 365/2 40 0 40 0
SRR4785342.366 366/1 39 0 39 0
SRR4785342.366 366/2 40 0 40 0
SRR4785342.367 367/1 40 0 40 0
SRR4785342.367 367/2 39 0 39 0
SRR4785342.368 368/1 40 0 40 0
SRR4785342.368 368/2 40 0 40 0
SRR4785342.369 369/1 40 0 40 0
SRR4785342.369 369/2 40 0 40 0
SRR4785342.370 370/1 40 0 40 0
SRR4785342.370 370/2 38 0 38 1
SRR4785342.371 371/1 40 0 40 0
SRR4785342.371 371/2 39 0 39 0
SRR4785342.372 372/1 40 0 40 0
SRR4785342.372 372/2 39 0 39 0
SRR4785342.373 373/1 40 0 40 0
SRR4785342.373 373/2 37 0 37 0
SRR4785342.374 374/1 40 0 40 0
SRR4785342.374 374/2 40 0 40 0
SRR4785342.375 375/1 40 0 40 0
SRR4785342.375 375/2 40 0 40 0
SRR4785342.376 376/1 40 0 40 0
SRR4785342.376 376/2 40 0 40 0
SRR4785342.377 377/1 40 0 40 0
SRR4785342.377 377/2 39 0 39 0
SRR4785342.378 378/1 40 0 40 0
SRR4785342.378 378/2 40 0 40 0
SRR4785342.379 379/1 39 0 39 0
SRR4785342.379 379/2 38 0 38 0
SRR4785342.380 380/1 39 0 39 0
SRR4785342.380 380/2 39 0 39 1
SRR4785342.381 381/1 40 0 40 0
SRR4785342.381 381/2 38 0 38 0
SRR4785342.382 382/1 40 0 40 0
SRR4785342.382 382/2 40 0 40 0
SRR4785342.383 383/1 40 0 40 0
SRR4785342.383 383/2 40 0 40 0
SRR4785342.384 384/1 40 0 40 0
SRR4785342.384 384/2 39 0 39 0
SRR4785342.385 385/1 40 0 40 0
SRR4785342.385 385/2 40 0 40 0
SRR4785342.386 386/1 40 0 40 0
SRR4785342.386 386/2 40 0 40 0
SRR4785342.387 387/1 40 0 40 0
SRR4785342.387 387/2 40 0 40 0
SRR4785342.388 388/1 38 0 38 0
SRR4785342.388 388/2 38 0 38 0
SRR4785342.389 389/1 38 0 38 0
SRR4785342.389 389/2 39 0 39 0
SRR4785342.390 390/1 40 0 40 0
SRR4785342.390 390/2 40 0 40 0
SRR4785342.391 391/1 40 0 40 0
SRR4785342.391 391/2 39 0 39 0
SRR4785342.392 392/1 40 0 40 0
SRR4785342.392 392/2 40 0 40 0
SRR4785342.393 393/1 40 0 40 0
SRR4785342.393 393/2 40 0 40 0
SRR4785342.394 394/1 40 0 40 0
SRR4785342.394 394/2 39 0 39 0
SRR4785342.395 395/1 40 0 40 0
SRR4785342.395 395/2 40 0 40 0
SRR4785342.396 396/1 40 0 40 0
SRR4785342.396 396/2 40 0 40 0
SRR4785342.397 397/1 40 0 40 0
SRR4785342.397 397/2 0 0 0 0
SRR4785342.398 398/1 40 0 40 0
SRR4785342.398 398/2 40 0 40 0
SRR4785342.399 399/1 39 0 39 0
SRR4785342.399 399/2 40 0 40 0
SRR4785342.400 400/1 40 0 40 0
SRR4785342.400 400/2 40 0 40 0
SRR4785342.401 401/1 40 0 40 0
SRR4785342.401 401/2 39 0 39 1
SRR4785342.402 402/1 39 0 39 0
SRR4785342.402 402/2 40 0 40 0
SRR4785342.403 403/1 40 0 40 0
SRR4785342.403 403/2 40 0 40 0
SRR4785342.404 404/1 40 0 40 0
SRR4785342.404 404/2 40 0 40 0
SRR4785342.405 405/1 40 0 40 0
SRR4785342.405 405/2 40 0 40 0
SRR4785342.406 406/1 40 0 40 0
SRR4785342.406 406/2 39 0 39 0
SRR4785342.407 407/1 40 0 40 0
SRR4785342.407 407/2 40 0 40 0
SRR4785342.408 408/1 40 0 40 0
SRR4785342.408 408/2 40 0 40 0
SRR4785342.409 409/1 40 0 40 0
SRR4785342.409 409/2 40 0 40 0
SRR4785342.410 410/1 40 0 40 0
SRR4785342.410 410/2 40 0 40 0
SRR4785342.411 411/1 37 0 37 0
SRR4785342.411 411/2 39 0 39 0
SRR4785342.412 412/1 37 0 37 1
SRR4785342.412 412/2 0 0 0 0
SRR4785342.413 413/1 40 0 40 0
SRR4785342.413 413/2 40 0 40 0
SRR4785342.414 414/1 39 0 39 0
SRR4785342.414 414/2 40 0 40 0
SRR4785342.415 415/1 40 0 40 0
SRR4785342.415 415/2 40 0 40 0
SRR4785342.416 416/1 40 0 40 0
SRR4785342.416 416/2 40 0 40 0
SRR4785342.417 417/1 40 0 40 0
SRR4785342.417 417/2 40 0 40 0
SRR4785342.418 418/1 39 0 39 0
SRR4785342.418 418/2 36 0 36 0
SRR4785342.419 419/1 39 0 39 0
SRR4785342.419 419/2 40 0 40 0
SRR4785342.420 420/1 40 0 40 0
SRR4785342.420 420/2 40 0 40 0
SRR4785342.421 421/1 38 0 38 0
SRR4785342.421 421/2 40 0 40 0
SRR4785342.422 422/1 40 0 40 0
SRR4785342.422 422/2 40 0 40 0
SRR4785342.423 423/1 39 0 39 0
SRR4785342.423 423/2 39 0 39 0
SRR4785342.424 424/1 40 0 40 0
SRR4785342.424 424/2 38 0 38 0
SRR4785342.425 425/1 38 0 38 0
SRR4785342.425 425/2 39 0 39 0
SRR4785342.426 426/1 37 0 37 0
SRR4785342.426 426/2 37 0 37 0
SRR4785342.427 427/1 40 0 40 0
SRR4785342.427 427/2 39 0 39 1
SRR4785342.428 428/1 40 0 40 0
SRR4785342.428 428/2 40 0 40 0
SRR4785342.429 429/1 40 0 40 0
SRR4785342.429 429/2 40 0 40 0
SRR4785342.430 430/1 40 0 40 0
SRR4785342.430 430/2 40 0 40 0
SRR4785342.431 431/1 40 0 40 0
SRR4785342.431 431/2 40 0 40 0
SRR4785342.432 432/1 40 0 40 0
SRR4785342.432 432/2 40 0 40 0
SRR4785342.433 433/1 40 0 40 0
SRR4785342.433 433/2 40 0 40 0
SRR4785342.434 434/1 40 0 40 0
SRR4785342.434 434/2 40 0 40 0
SRR4785342.435 435/1 40 0 40 0
SRR4785342.435 435/2 40 0 40 0
SRR4785342.436 436/1 40 0 40 0
SRR4785342.436 436/2 40 0 40 0
SRR4785342.437 437/1 40 0 40 0
SRR4785342.437 437/2 39 0 39 0
SRR4785342.438 438/1 40 0 40 0
SRR4785342.438 438/2 40 0 40 0
SRR4785342.439 439/1 37 0 37 0
SRR4785342.439 439/2 40 0 40 0
SRR4785342.440 440/1 39 0 39 0
SRR4785342.440 440/2 39 0 39 0
SRR4785342.441 441/1 40 0 40 0
SRR4785342.441 441/2 40 0 40 0
SRR4785342.442 442/1 39 0 39 0
SRR4785342.442 442/2 40 0 40 0
SRR4785342.443 443/1 40 0 40 0
SRR4785342.443 443/2 39 0 39 0
SRR4785342.444 444/1 39 0 39 0
SRR4785342.444 444/2 40 0 40 0
SRR4785342.445 445/1 39 0 39 1
SRR4785342.445 445/2 40 0 40 0
SRR4785342.446 446/1 39 0 39 1
SRR4785342.446 446/2 38 0 38 0
SRR4785342.447 447/1 39 0 39 0
SRR4785342.447 447/2 0 0 0 0
SRR4785342.448 448/1 39 0 39 0
SRR4785342.448 448/2 40 0 40 0
SRR4785342.449 449/1 39 0 39 0
SRR4785342.449 449/2 40 0 40 0
SRR4785342.450 450/1 40 0 40 0
SRR4785342.450 450/2 40 0 40 0
SRR4785342.451 451/1 40 0 40 0
SRR4785342.451 451/2 40 0 40 0
SRR4785342.452 452/1 40 0 40 0
SRR4785342.452 452/2 39 0 39 0
SRR4785342.453 453/1 38 0 38 0
SRR4785342.453 453/2 39 0 39 0
SRR4785342.454 454/1 39 0 39 0
SRR4785342.454 454/2 40 0 40 0
SRR4785342.455 455/1 40 0 40 0
SRR4785342.455 455/2 39 0 39 1
SRR4785342.456 456/1 39 0 39 0
SRR4785342.456 456/2 39 0 39 0
SRR4785342.457 457/1 39 0 39 0
SRR4785342.457 457/2 38 0 38 0
SRR4785342.458 458/1 40 0 40 0
SRR4785342.458 458/2 39 0 39 0
SRR4785342.459 459/1 40 0 40 0
SRR4785342.459 459/2 40 0 40 0
SRR4785342.460 460/1 39 0 39 0
SRR4785342.460 460/2 40 0 40 0
SRR4785342.461 461/1 39 0 39 0
SRR4785342.461 461/2 40 0 40 0
SRR4785342.462 462/1 40 0 40 0
SRR4785342.462 462/2 40 0 40 0
SRR4785342.463 463/1 40 0 40 0
SRR4785342.463 463/2 38 0 38 0
SRR4785342.464 464/1 38 0 38 1
SRR4785342.464 464/2 39 0 39 1
SRR4785342.465 465/1 40 0 40 0
SRR4785342.465 465/2 40 0 40 0
SRR4785342.466 466/1 39 0 39 0
SRR4785342.466 466/2 38 0 38 0
SRR4785342.467 467/1 40 0 40 0
SRR4785342.467 467/2 38 0 38 0
SRR4785342.468 468/1 39 0 39 0
SRR4785342.468 468/2 40 0 40 0
SRR4785342.469 469/1 40 0 40 0
SRR4785342.469 469/2 38 0 38 0
SRR4785342.470 470/1 40 0 40 0
SRR4785342.470 470/2 37 0 37 0
SRR4785342.471 471/1 38 0 38 0
SRR4785342.471 471/2 38 0 38 0
SRR4785342.472 472/1 40 0 40 0
SRR4785342.472 472/2 40 0 40 0
SRR4785342.473 473/1 40 0 40 0
SRR4785342.473 473/2 40 0 40 0
SRR4785342.474 474/1 39 0 39 0
SRR4785342.474 474/2 39 0 39 0
SRR4785342.475 475/1 40 0 40 0
SRR4785342.475 475/2 40 0 40 0
SRR4785342.476 476/1 40 0 40 0
SRR4785342.476 476/2 40 0 40 0
SRR4785342.477 477/1 40 0 40 0
SRR4785342.477 477/2 40 0 40 0
SRR4785342.478 478/1 40 0 40 0
SRR4785342.478 478/2 40 0 40 0
SRR4785342.479 479/1 40 0 40 0
SRR4785342.479 479/2 40 0 40 0
SRR4785342.480 480/1 39 0 39 0
SRR4785342.480 480/2 39 0 39 1
SRR4785342.481 481/1 40 0 40 0
SRR4785342.481 481/2 38 0 38 0
SRR4785342.482 482/1 39 0 39 0
SRR4785342.482 482/2 40 0 40 0
SRR4785342.483 483/1 40 0 40 0
SRR4785342.483 483/2 40 0 40 0
SRR4785342.484 484/1 40 0 40 0
SRR4785342.484 484/2 40 0 40 0
SRR4785342.485 485/1 39 0 39 0
SRR4785342.485 485/2 39 0 39 0
SRR4785342.486 486/1 40 0 40 0
SRR4785342.486 486/2 40 0 40 0
SRR4785342.487 487/1 40 0 40 0
SRR4785342.487 487/2 40 0 40 0
SRR4785342.488 488/1 40 0 40 0
SRR4785342.488 488/2 40 0 40 0
SRR4785342.489 489/1 39 0 39 0
SRR4785342.489 489/2 40 0 40 0
SRR4785342.490 490/1 40 0 40 0
SRR4785342.490 490/2 39 0 39 0
SRR4785342.491 491/1 40 0 40 0
SRR4785342.491 491/2 39 0 39 0
SRR4785342.492 492/1 40 0 40 0
SRR4785342.492 492/2 39 0 39 0
SRR4785342.493 493/1 39 0 39 0
SRR4785342.493 493/2 40 0 40 0
SRR4785342.494 494/1 40 0 40 0
SRR4785342.494 494/2 39 0 39 0
SRR4785342.495 495/1 39 0 39 0
SRR4785342.495 495/2 40 0 40 0
SRR4785342.496 496/1 40 0 40 0
SRR4785342.496 496/2 40 0 40 0
SRR4785342.497 497/1 39 0 39 0
SRR4785342.497 497/2 40 0 40 0
SRR4785342.498 498/1 40 0 40 0
SRR4785342.498 498/2 40 0 40 0
SRR4785342.499 499/1 40 0 40 0
SRR4785342.499 499/2 40 0 40 0
SRR4785342.500 500/1 40 0 40 0
SRR4785342.500 500/2 39 0 39 0
SRR4785342.501 501/1 40 0 40 0
SRR4785342.501 501/2 39 0 39 0
SRR4785342.502 502/1 40 0 40 0
SRR4785342.502 502/2 40 0 40 0
SRR4785342.503 503/1 40 0 40 0
SRR4785342.503 503/2 38 0 38 0
SRR4785342.504 504/1 40 0 40 0
SRR4785342.504 504/2 40 0 40 0
SRR4785342.505 505/1 40 0 40 0
SRR4785342.505 505/2 40 0 40 0
SRR4785342.506 506/1 39 0 39 0
SRR4785342.506 506/2 39 0 39 0
SRR4785342.507 507/1 40 0 40 0
SRR4785342.507 507/2 38 0 38 1
SRR4785342.508 508/1 0 0 0 0
SRR4785342.508 508/2 0 0 0 0
SRR4785342.509 509/1 39 0 39 0
SRR4785342.509 509/2 40 0 40 0
SRR4785342.510 510/1 40 0 40 0
SRR4785342.510 510/2 39 0 39 0
SRR4785342.511 511/1 40 0 40 0
SRR4785342.511 511/2 39 0 39 0
SRR4785342.512 512/1 39 0 39 0
SRR4785342.512 512/2 39 0 39 0
SRR4785342.513 513/1 40 0 40 0
SRR4785342.513 513/2 37 0 37 1
SRR4785342.514 514/1 35 0 35 0
SRR4785342.514 514/2 35 0 35 0
SRR4785342.515 515/1 38 0 38 0
SRR4785342.515 515/2 40 0 40 0
SRR4785342.516 516/1 40 0 40 0
SRR4785342.516 516/2 40 0 40 0
SRR4785342.517 517/1 40 0 40 0
SRR4785342.517 517/2 40 0 40 0
SRR4785342.518 518/1 39 0 39 0
SRR4785342.518 518/2 40 0 40 0
SRR4785342.519 519/1 40 0 40 0
SRR4785342.519 519/2 40 0 40 0
SRR4785342.520 520/1 40 0 40 0
SRR4785342.520 520/2 40 0 40 0
SRR4785342.521 521/1 38 0 38 0
SRR4785342.521 521/2 40 0 40 0
SRR4785342.522 522/1 40 0 40 0
SRR4785342.522 522/2 40 0 40 0
SRR4785342.523 523/1 40 0 40 0
SRR4785342.523 523/2 40 0 40 0
SRR4785342.524 524/1 40 0 40 0
SRR4785342.524 524/2 39 0 39 0
SRR4785342.525 525/1 40 0 40 0
SRR4785342.525 525/2 40 0 40 0
SRR4785342.526 526/1 39 0 39 0
SRR4785342.526 526/2 39 0 39 0
SRR4785342.527 527/1 40 0 40 0
SRR4785342.527 527/2 40 0 40 0
SRR4785342.528 528/1 40 0 40 0
SRR4785342.528 528/2 40 0 40 0
SRR4785342.529 529/1 40 0 40 0
SRR4785342.529 529/2 40 0 40 0
SRR4785342.530 530/1 39 0 39 0
SRR4785342.530 530/2 40 0 40 0
SRR4785342.531 531/1 40 0 40 0
SRR4785342.531 531/2 40 0 40 0
SRR4785342.532 532/1 40 0 40 0
SRR4785342.532 532/2 40 0 40 0
SRR4785342.533 533/1 38 0 38 0
SRR4785342.533 533/2 40 0 40 0
SRR4785342.534 534/1 39 0 39 0
SRR4785342.534 534/2 39 0 39 0
SRR4785342.535 535/1 40 0 40 0
SRR4785342.535 535/2 39 0 39 0
SRR4785342.536 536/1 40 0 40 0
SRR4785342.536 536/2 38 0 38 0
SRR4785342.537 537/1 40 0 40 0
SRR4785342.537 537/2 38 0 38 0
SRR4785342.538 538/1 40 0 40 0
SRR4785342.538 538/2 40 0 40 0
SRR4785342.539 539/1 38 0 38 0
SRR4785342.539 539/2 40 0 40 0
SRR4785342.540 540/1 37 0 37 0
SRR4785342.540 540/2 40 0 40 0
SRR4785342.541 541/1 40 0 40 0
SRR4785342.541 541/2 39 0 39 1
SRR4785342.542 542/1 40 0 40 0
SRR4785342.542 542/2 38 0 38 0
SRR4785342.543 543/1 40 0 40 0
SRR4785342.543 543/2 40 0 40 0
SRR4785342.544 544/1 40 0 40 0
SRR4785342.544 544/2 40 0 40 0
SRR4785342.545 545/1 40 0 40 0
SRR4785342.545 545/2 40 0 40 0
SRR4785342.546 546/1 40 0 40 0
SRR4785342.546 546/2 39 0 39 1
SRR4785342.547 547/1 39 0 39 0
SRR4785342.547 547/2 40 0 40 0
SRR4785342.548 548/1 40 0 40 0
SRR4785342.548 548/2 0 0 0 0
SRR4785342.549 549/1 40 0 40 0
SRR4785342.549 549/2 38 0 38 0
SRR4785342.550 550/1 39 0 39 0
SRR4785342.550 550/2 38 0 38 0
SRR4785342.551 551/1 38 0 38 0
SRR4785342.551 551/2 40 0 40 0
SRR4785342.552 552/1 40 0 40 0
SRR4785342.552 552/2 40 0 40 0
SRR4785342.553 553/1 40 0 40 0
SRR4785342.553 553/2 39 0 39 0
SRR4785342.554 554/1 39 0 39 0
SRR4785342.554 554/2 40 0 40 0
SRR4785342.555 555/1 40 0 40 0
SRR4785342.555 555/2 39 0 39 1
SRR4785342.556 556/1 40 0 40 0
SRR4785342.556 556/2 40 0 40 0
SRR4785342.557 557/1 38 0 38 0
SRR4785342.557 557/2 40 0 40 0
SRR4785342.558 558/1 37 0 37 0
SRR4785342.558 558/2 40 0 40 0
SRR4785342.559 559/1 40 0 40 0
SRR4785342.559 559/2 40 0 40 0
SRR4785342.560 560/1 40 0 40 0
SRR4785342.560 560/2 37 0 37 3
SRR4785342.561 561/1 40 0 40 0
SRR4785342.561 561/2 39 0 39 0
SRR4785342.562 562/1 40 0 40 0
SRR4785342.562 562/2 37 0 37 0
SRR4785342.563 563/1 40 0 40 0
SRR4785342.563 563/2 39 0 39 0
SRR4785342.564 564/1 40 0 40 0
SRR4785342.564 564/2 40 0 40 0
SRR4785342.565 565/1 39 0 39 0
SRR4785342.565 565/2 40 0 40 0
SRR4785342.566 566/1 39 0 39 0
SRR4785342.566 566/2 0 0 0 0
SRR4785342.567 567/1 40 0 40 0
SRR4785342.567 567/2 39 0 39 0
SRR4785342.568 568/1 40 0 40 0
SRR4785342.568 568/2 0 0 0 0
SRR4785342.569 569/1 40 0 40 0
SRR4785342.569 569/2 40 0 40 0
SRR4785342.570 570/1 40 0 40 0
SRR4785342.570 570/2 40 0 40 0
SRR4785342.571 571/1 40 0 40 0
SRR4785342.571 571/2 40 0 40 0
SRR4785342.572 572/1 40 0 40 0
SRR4785342.572 572/2 39 0 39 1
SRR4785342.573 573/1 40 0 40 0
SRR4785342.573 573/2 40 0 40 0
SRR4785342.574 574/1 39 0 39 0
SRR4785342.574 574/2 40 0 40 0
SRR4785342.575 575/1 39 0 39 0
SRR4785342.575 575/2 38 0 38 0
SRR4785342.576 576/1 39 0 39 0
SRR4785342.576 576/2 40 0 40 0
SRR4785342.577 577/1 40 0 40 0
SRR4785342.577 577/2 40 0 40 0
SRR4785342.578 578/1 40 0 40 0
SRR4785342.578 578/2 40 0 40 0
SRR4785342.579 579/1 40 0 40 0
SRR4785342.579 579/2 40 0 40 0
SRR4785342.580 580/1 39 0 39 0
SRR4785342.580 580/2 37 0 37 2
SRR4785342.581 581/1 39 0 39 0
SRR4785342.581 581/2 37 0 37 0
SRR4785342.582 582/1 40 0 40 0
SRR4785342.582 582/2 39 0 39 0
SRR4785342.583 583/1 39 0 39 0
SRR4785342.583 583/2 40 0 40 0
SRR4785342.584 584/1 39 0 39 0
SRR4785342.584 584/2 40 0 40 0
SRR4785342.585 585/1 38 0 38 0
SRR4785342.585 585/2 39 0 39 0
SRR4785342.586 586/1 39 0 39 0
SRR4785342.586 586/2 39 0 39 0
SRR4785342.587 587/1 40 0 40 0
SRR4785342.587 587/2 40 0 40 0
SRR4785342.588 588/1 40 0 40 0
SRR4785342.588 588/2 40 0 40 0
SRR4785342.589 589/1 39 0 39 1
SRR4785342.589 589/2 40 0 40 0
SRR4785342.590 590/1 40 0 40 0
SRR4785342.590 590/2 40 0 40 0
SRR4785342.591 591/1 40 0 40 0
SRR4785342.591 591/2 40 0 40 0
SRR4785342.592 592/1 39 0 39 0
SRR4785342.592 592/2 40 0 40 0
SRR4785342.593 593/1 40 0 40 0
SRR4785342.593 593/2 39 0 39 0
SRR4785342.594 594/1 39 0 39 0
SRR4785342.594 594/2 39 0 39 0
SRR4785342.595 595/1 40 0 40 0
SRR4785342.595 595/2 40 0 40 0
SRR4785342.596 596/1 39 0 39 0
SRR4785342.596 596/2 39 0 39 0
SRR4785342.597 597/1 40 0 40 0
SRR4785342.597 597/2 40 0 40 0
SRR4785342.598 598/1 40 0 40 0
SRR4785342.598 598/2 39 0 39 1
SRR4785342.599 599/1 40 0 40 0
SRR4785342.599 599/2 40 0 40 0
SRR4785342.600 600/1 40 0 40 0
SRR4785342.600 600/2 40 0 40 0
SRR4785342.601 601/1 37 0 37 0
SRR4785342.601 601/2 37 0 37 0
SRR4785342.602 602/1 40 0 40 0
SRR4785342.602 602/2 40 0 40 0
SRR4785342.603 603/1 40 0 40 0
SRR4785342.603 603/2 40 0 40 0
SRR4785342.604 604/1 39 0 39 0
SRR4785342.604 604/2 39 0 39 0
SRR4785342.605 605/1 38 0 38 0
SRR4785342.605 605/2 40 0 40 0
SRR4785342.606 606/1 39 0 39 0
SRR4785342.606 606/2 38 0 38 0
SRR4785342.607 607/1 40 0 40 0
SRR4785342.607 607/2 38 0 38 0
SRR4785342.608 608/1 40 0 40 0
SRR4785342.608 608/2 39 0 39 0
SRR4785342.609 609/1 38 0 38 0
SRR4785342.609 609/2 40 0 40 0
SRR4785342.610 610/1 40 0 40 0
SRR4785342.610 610/2 40 0 40 0
SRR4785342.611 611/1 40 0 40 0
SRR4785342.611 611/2 37 0 37 2
SRR4785342.612 612/1 40 0 40 0
SRR4785342.612 612/2 38 0 38 0
SRR4785342.613 613/1 40 0 40 0
SRR4785342.613 613/2 39 0 39 1
SRR4785342.614 614/1 40 0 40 0
SRR4785342.614 614/2 40 0 40 0
SRR4785342.615 615/1 39 0 39 0
SRR4785342.615 615/2 38 0 38 0
SRR4785342.616 616/1 38 0 38 0
SRR4785342.616 616/2 40 0 40 0
SRR4785342.617 617/1 40 0 40 0
SRR4785342.617 617/2 40 0 40 0
SRR4785342.618 618/1 40 0 40 0
SRR4785342.618 618/2 39 0 39 0
SRR4785342.619 619/1 40 0 40 0
SRR4785342.619 619/2 37 0 37 1
SRR4785342.620 620/1 40 0 40 0
SRR4785342.620 620/2 40 0 40 0
SRR4785342.621 621/1 40 0 40 0
SRR4785342.621 621/2 40 0 40 0
SRR4785342.622 622/1 40 0 40 0
SRR4785342.622 622/2 39 0 39 0
SRR4785342.623 623/1 38 0 38 0
SRR4785342.623 623/2 40 0 40 0
SRR4785342.624 624/1 40 0 40 0
SRR4785342.624 624/2 40 0 40 0
SRR4785342.625 625/1 40 0 40 0
SRR4785342.625 625/2 38 0 38 0
SRR4785342.626 626/1 40 0 40 0
SRR4785342.626 626/2 40 0 40 0
SRR4785342.627 627/1 40 0 40 0
SRR4785342.627 627/2 40 0 40 0
SRR4785342.628 628/1 40 0 40 0
SRR4785342.628 628/2 39 0 39 0
SRR4785342.629 629/1 40 0 40 0
SRR4785342.629 629/2 0 0 0 0
SRR4785342.630 630/1 40 0 40 0
SRR4785342.630 630/2 40 0 40 0
SRR4785342.631 631/1 39 0 39 0
SRR4785342.631 631/2 38 0 38 0
SRR4785342.632 632/1 38 0 38 0
SRR4785342.632 632/2 40 0 40 0
SRR4785342.633 633/1 39 0 39 0
SRR4785342.633 633/2 39 0 39 0
SRR4785342.634 634/1 39 0 39 0
SRR4785342.634 634/2 40 0 40 0
SRR4785342.635 635/1 39 0 39 0
SRR4785342.635 635/2 40 0 40 0
SRR4785342.636 636/1 38 0 38 0
SRR4785342.636 636/2 40 0 40 0
SRR4785342.637 637/1 40 0 40 0
SRR4785342.637 637/2 39 0 39 0
SRR4785342.638 638/1 39 0 39 0
SRR4785342.638 638/2 40 0 40 0
SRR4785342.639 639/1 37 0 37 0
SRR4785342.639 639/2 40 0 40 0
SRR4785342.640 640/1 40 0 40 0
SRR4785342.640 640/2 39 0 39 0
SRR4785342.641 641/1 40 0 40 0
SRR4785342.641 641/2 39 0 39 0
SRR4785342.642 642/1 40 0 40 0
SRR4785342.642 642/2 38 0 38 0
SRR4785342.643 643/1 39 0 39 0
SRR4785342.643 643/2 40 0 40 0
SRR4785342.644 644/1 36 0 36 0
SRR4785342.644 644/2 40 0 40 0
SRR4785342.645 645/1 40 0 40 0
SRR4785342.645 645/2 38 0 38 1
SRR4785342.646 646/1 38 0 38 0
SRR4785342.646 646/2 40 0 40 0
SRR4785342.647 647/1 39 0 39 0
SRR4785342.647 647/2 39 0 39 0
SRR4785342.648 648/1 39 0 39 0
SRR4785342.648 648/2 40 0 40 0
SRR4785342.649 649/1 40 0 40 0
SRR4785342.649 649/2 38 0 38 0
SRR4785342.650 650/1 40 0 40 0
SRR4785342.650 650/2 40 0 40 0
SRR4785342.651 651/1 40 0 40 0
SRR4785342.651 651/2 40 0 40 0
SRR4785342.652 652/1 40 0 40 0
SRR4785342.652 652/2 40 0 40 0
SRR4785342.653 653/1 40 0 40 0
SRR4785342.653 653/2 40 0 40 0
SRR4785342.654 654/1 39 0 39 0
SRR4785342.654 654/2 40 0 40 0
SRR4785342.655 655/1 40 0 40 0
SRR4785342.655 655/2 40 0 40 0
SRR4785342.656 656/1 40 0 40 0
SRR4785342.656 656/2 40 0 40 0
SRR4785342.657 657/1 39 0 39 0
SRR4785342.657 657/2 40 0 40 0
SRR4785342.658 658/1 40 0 40 0
SRR4785342.658 658/2 40 0 40 0
SRR4785342.659 659/1 40 0 40 0
SRR4785342.659 659/2 40 0 40 0
SRR4785342.660 660/1 40 0 40 0
SRR4785342.660 660/2 40 0 40 0
SRR4785342.661 661/1 40 0 40 0
SRR4785342.661 661/2 36 0 36 0
SRR4785342.662 662/1 39 0 39 0
SRR4785342.662 662/2 40 0 40 0
SRR4785342.663 663/1 40 0 40 0
SRR4785342.663 663/2 40 0 40 0
SRR4785342.664 664/1 38 0 38 0
SRR4785342.664 664/2 40 0 40 0
SRR4785342.665 665/1 40 0 40 0
SRR4785342.665 665/2 40 0 40 0
SRR4785342.666 666/1 40 0 40 0
SRR4785342.666 666/2 0 0 0 0
SRR4785342.667 667/1 40 0 40 0
SRR4785342.667 667/2 39 0 39 0
SRR4785342.668 668/1 40 0 40 0
SRR4785342.668 668/2 40 0 40 0
SRR4785342.669 669/1 40 0 40 0
SRR4785342.669 669/2 40 0 40 0
SRR4785342.670 670/1 36 0 36 0
SRR4785342.670 670/2 36 0 36 0
SRR4785342.671 671/1 40 0 40 0
SRR4785342.671 671/2 40 0 40 0
SRR4785342.672 672/1 39 0 39 0
SRR4785342.672 672/2 40 0 40 0
SRR4785342.673 673/1 40 0 40 0
SRR4785342.673 673/2 38 0 38 0
SRR4785342.674 674/1 37 0 37 0
SRR4785342.674 674/2 40 0 40 0
SRR4785342.675 675/1 40 0 40 0
SRR4785342.675 675/2 40 0 40 0
SRR4785342.676 676/1 40 0 40 0
SRR4785342.676 676/2 39 0 39 0
SRR4785342.677 677/1 36 0 36 0
SRR4785342.677 677/2 38 0 38 0
SRR4785342.678 678/1 39 0 39 0
SRR4785342.678 678/2 40 0 40 0
SRR4785342.679 679/1 40 0 40 0
SRR4785342.679 679/2 40 0 40 0
SRR4785342.680 680/1 38 0 38 0
SRR4785342.680 680/2 40 0 40 0
SRR4785342.681 681/1 40 0 40 0
SRR4785342.681 681/2 39 0 39 0
SRR4785342.682 682/1 40 0 40 0
SRR4785342.682 682/2 40 0 40 0
SRR4785342.683 683/1 40 0 40 0
SRR4785342.683 683/2 40 0 40 0
SRR4785342.684 684/1 39 0 39 0
SRR4785342.684 684/2 40 0 40 0
SRR4785342.685 685/1 40 0 40 0
SRR4785342.685 685/2 39 0 39 0
SRR4785342.686 686/1 40 0 40 0
SRR4785342.686 686/2 40 0 40 0
SRR4785342.687 687/1 38 0 38 0
SRR4785342.687 687/2 40 0 40 0
SRR4785342.688 688/1 40 0 40 0
SRR4785342.688 688/2 39 0 39 0
SRR4785342.689 689/1 40 0 40 0
SRR4785342.689 689/2 40 0 40 0
SRR4785342.690 690/1 40 0 40 0
SRR4785342.690 690/2 40 0 40 0
SRR4785342.691 691/1 35 0 35 0
SRR4785342.691 691/2 40 0 40 0
SRR4785342.692 692/1 40 0 40 0
SRR4785342.692 692/2 39 0 39 0
SRR4785342.693 693/1 40 0 40 0
SRR4785342.693 693/2 38 0 38 0
SRR4785342.694 694/1 40 0 40 0
SRR4785342.694 694/2 40 0 40 0
SRR4785342.695 695/1 40 0 40 0
SRR4785342.695 695/2 38 0 38 0
SRR4785342.696 696/1 40 0 40 0
SRR4785342.696 696/2 40 0 40 0
SRR4785342.697 697/1 40 0 40 0
SRR4785342.697 697/2 40 0 40 0
SRR4785342.698 698/1 40 0 40 0
SRR4785342.698 698/2 40 0 40 0
SRR4785342.699 699/1 40 0 40 0
SRR4785342.699 699/2 39 0 39 0
SRR4785342.700 700/1 40 0 40 0
SRR4785342.700 700/2 40 0 40 0
SRR4785342.701 701/1 40 0 40 0
SRR4785342.701 701/2 40 0 40 0
SRR4785342.702 702/1 40 0 40 0
SRR4785342.702 702/2 39 0 39 0
SRR4785342.703 703/1 39 0 39 0
SRR4785342.703 703/2 40 0 40 0
SRR4785342.704 704/1 40 0 40 0
SRR4785342.704 704/2 38 0 38 0
SRR4785342.705 705/1 40 0 40 0
SRR4785342.705 705/2 40 0 40 0
SRR4785342.706 706/1 40 0 40 0
SRR4785342.706 706/2 40 0 40 0
SRR4785342.707 707/1 39 0 39 0
SRR4785342.707 707/2 40 0 40 0
SRR4785342.708 708/1 39 0 39 0
SRR4785342.708 708/2 40 0 40 0
SRR4785342.709 709/1 40 0 40 0
SRR4785342.709 709/2 40 0 40 0
SRR4785342.710 710/1 40 0 40 0
SRR4785342.710 710/2 0 0 0 0
SRR4785342.711 711/1 40 0 40 0
SRR4785342.711 711/2 38 0 38 0
SRR4785342.712 712/1 40 0 40 0
SRR4785342.712 712/2 40 0 40 0
SRR4785342.713 713/1 39 0 39 0
SRR4785342.713 713/2 39 0 39 0
SRR4785342.714 714/1 40 0 40 0
SRR4785342.714 714/2 40 0 40 0
SRR4785342.715 715/1 40 0 40 0
SRR4785342.715 715/2 39 0 39 0
SRR4785342.716 716/1 40 0 40 0
SRR4785342.716 716/2 39 0 39 0
SRR4785342.717 717/1 39 0 39 0
SRR4785342.717 717/2 40 0 40 0
SRR4785342.718 718/1 40 0 40 0
SRR4785342.718 718/2 40 0 40 0
SRR4785342.719 719/1 40 0 40 0
SRR4785342.719 719/2 39 0 39 0
SRR4785342.720 720/1 40 0 40 0
SRR4785342.720 720/2 39 0 39 0
SRR4785342.721 721/1 40 0 40 0
SRR4785342.721 721/2 40 0 40 0
SRR4785342.722 722/1 39 0 39 0
SRR4785342.722 722/2 40 0 40 0
SRR4785342.723 723/1 39 0 39 0
SRR4785342.723 723/2 40 0 40 0
SRR4785342.724 724/1 40 0 40 0
SRR4785342.724 724/2 38 0 38 0
SRR4785342.725 725/1 39 0 39 0
SRR4785342.725 725/2 40 0 40 0
SRR4785342.726 726/1 38 0 38 0
SRR4785342.726 726/2 40 0 40 0
SRR4785342.727 727/1 39 0 39 0
SRR4785342.727 727/2 40 0 40 0
SRR4785342.728 728/1 39 0 39 0
SRR4785342.728 728/2 40 0 40 0
SRR4785342.729 729/1 38 0 38 0
SRR4785342.729 729/2 38 0 38 0
SRR4785342.730 730/1 40 0 40 0
SRR4785342.730 730/2 39 0 39 0
SRR4785342.731 731/1 37 0 37 0
SRR4785342.731 731/2 39 0 39 0
SRR4785342.732 732/1 40 0 40 0
SRR4785342.732 732/2 40 0 40 0
SRR4785342.733 733/1 40 0 40 0
SRR4785342.733 733/2 40 0 40 0
SRR4785342.734 734/1 39 0 39 1
SRR4785342.734 734/2 39 0 39 0
SRR4785342.735 735/1 40 0 40 0
SRR4785342.735 735/2 40 0 40 0
SRR4785342.736 736/1 39 0 39 0
SRR4785342.736 736/2 39 0 39 0
SRR4785342.737 737/1 40 0 40 0
SRR4785342.737 737/2 40 0 40 0
SRR4785342.738 738/1 40 0 40 0
SRR4785342.738 738/2 40 0 40 0
SRR4785342.739 739/1 38 0 38 0
SRR4785342.739 739/2 39 0 39 0
SRR4785342.740 740/1 39 0 39 1
SRR4785342.740 740/2 39 0 39 0
SRR4785342.741 741/1 40 0 40 0
SRR4785342.741 741/2 40 0 40 0
SRR4785342.742 742/1 38 0 38 0
SRR4785342.742 742/2 40 0 40 0
SRR4785342.743 743/1 39 0 39 0
SRR4785342.743 743/2 39 0 39 0
SRR4785342.744 744/1 35 0 35 0
SRR4785342.744 744/2 35 0 35 0
SRR4785342.745 745/1 37 0 37 0
SRR4785342.745 745/2 40 0 40 0
SRR4785342.746 746/1 40 0 40 0
SRR4785342.746 746/2 39 0 39 0
SRR4785342.747 747/1 38 0 38 0
SRR4785342.747 747/2 39 0 39 0
SRR4785342.748 748/1 40 0 40 0
SRR4785342.748 748/2 40 0 40 0
SRR4785342.749 749/1 37 0 37 0
SRR4785342.749 749/2 40 0 40 0
SRR4785342.750 750/1 40 0 40 0
SRR4785342.750 750/2 40 0 40 0
SRR4785342.751 751/1 40 0 40 0
SRR4785342.751 751/2 38 0 38 0
SRR4785342.752 752/1 40 0 40 0
SRR4785342.752 752/2 39 0 39 0
SRR4785342.753 753/1 40 0 40 0
SRR4785342.753 753/2 40 0 40 0
SRR4785342.754 754/1 40 0 40 0
SRR4785342.754 754/2 40 0 40 0
SRR4785342.755 755/1 40 0 40 0
SRR4785342.755 755/2 40 0 40 0
SRR4785342.756 756/1 39 0 39 0
SRR4785342.756 756/2 40 0 40 0
SRR4785342.757 757/1 39 0 39 0
SRR4785342.757 757/2 40 0 40 0
SRR4785342.758 758/1 40 0 40 0
SRR4785342.758 758/2 39 0 39 0
SRR4785342.759 759/1 38 0 38 0
SRR4785342.759 759/2 38 0 38 0
SRR4785342.760 760/1 36 0 36 0
SRR4785342.760 760/2 37 0 37 1
SRR4785342.761 761/1 40 0 40 0
SRR4785342.761 761/2 39 0 39 1
SRR4785342.762 762/1 40 0 40 0
SRR4785342.762 762/2 40 0 40 0
SRR4785342.763 763/1 40 0 40 0
SRR4785342.763 763/2 39 0 39 0
SRR4785342.764 764/1 40 0 40 0
SRR4785342.764 764/2 39 0 39 0
SRR4785342.765 765/1 39 0 39 0
SRR4785342.765 765/2 39 0 39 0
SRR4785342.766 766/1 40 0 40 0
SRR4785342.766 766/2 40 0 40 0
SRR4785342.767 767/1 39 0 39 0
SRR4785342.767 767/2 40 0 40 0
SRR4785342.768 768/1 0 0 0 0
SRR4785342.768 768/2 37 0 37 2
SRR4785342.769 769/1 40 0 40 0
SRR4785342.769 769/2 38 0 38 0
SRR4785342.770 770/1 40 0 40 0
SRR4785342.770 770/2 40 0 40 0
SRR4785342.771 771/1 40 0 40 0
SRR4785342.771 771/2 39 0 39 0
SRR4785342.772 772/1 40 0 40 0
SRR4785342.772 772/2 40 0 40 0
SRR4785342.773 773/1 40 0 40 0
SRR4785342.773 773/2 40 0 40 0
SRR4785342.774 774/1 40 0 40 0
SRR4785342.774 774/2 40 0 40 0
SRR4785342.775 775/1 40 0 40 0
SRR4785342.775 775/2 40 0 40 0
SRR4785342.776 776/1 39 0 39 0
SRR4785342.776 776/2 40 0 40 0
SRR4785342.777 777/1 40 0 40 0
SRR4785342.777 777/2 40 0 40 0
SRR4785342.778 778/1 40 0 40 0
SRR4785342.778 778/2 40 0 40 0
SRR4785342.779 779/1 40 0 40 0
SRR4785342.779 779/2 40 0 40 0
SRR4785342.780 780/1 40 0 40 0
SRR4785342.780 780/2 40 0 40 0
SRR4785342.781 781/1 40 0 40 0
SRR4785342.781 781/2 40 0 40 0
SRR4785342.782 782/1 40 0 40 0
SRR4785342.782 782/2 40 0 40 0
SRR4785342.783 783/1 39 0 39 0
SRR4785342.783 783/2 40 0 40 0
SRR4785342.784 784/1 40 0 40 0
SRR4785342.784 784/2 40 0 40 0
SRR4785342.785 785/1 40 0 40 0
SRR4785342.785 785/2 40 0 40 0
SRR4785342.786 786/1 40 0 40 0
SRR4785342.786 786/2 40 0 40 0
SRR4785342.787 787/1 37 0 37 0
SRR4785342.787 787/2 40 0 40 0
SRR4785342.788 788/1 38 0 38 0
SRR4785342.788 788/2 39 0 39 0
SRR4785342.789 789/1 40 0 40 0
SRR4785342.789 789/2 40 0 40 0
SRR4785342.790 790/1 40 0 40 0
SRR4785342.790 790/2 40 0 40 0
SRR4785342.791 791/1 40 0 40 0
SRR4785342.791 791/2 39 0 39 0
SRR4785342.792 792/1 40 0 40 0
SRR4785342.792 792/2 40 0 40 0
SRR4785342.793 793/1 36 0 36 0
SRR4785342.793 793/2 39 0 39 0
SRR4785342.794 794/1 40 0 40 0
SRR4785342.794 794/2 39 0 39 0
SRR4785342.795 795/1 39 0 39 0
SRR4785342.795 795/2 38 0 38 0
SRR4785342.796 796/1 40 0 40 0
SRR4785342.796 796/2 38 0 38 1
SRR4785342.797 797/1 40 0 40 0
SRR4785342.797 797/2 40 0 40 0
SRR4785342.798 798/1 34 0 34 1
SRR4785342.798 798/2 38 0 38 2
SRR4785342.799 799/1 40 0 40 0
SRR4785342.799 799/2 39 0 39 0
SRR4785342.800 800/1 40 0 40 0
SRR4785342.800 800/2 40 0 40 0
SRR4785342.801 801/1 40 0 40 0
SRR4785342.801 801/2 40 0 40 0
SRR4785342.802 802/1 40 0 40 0
SRR4785342.802 802/2 40 0 40 0
SRR4785342.803 803/1 38 0 38 0
SRR4785342.803 803/2 40 0 40 0
SRR4785342.804 804/1 0 0 0 0
SRR4785342.804 804/2 40 0 40 0
SRR4785342.805 805/1 39 0 39 0
SRR4785342.805 805/2 40 0 40 0
SRR4785342.806 806/1 40 0 40 0
SRR4785342.806 806/2 40 0 40 0
SRR4785342.807 807/1 39 0 39 0
SRR4785342.807 807/2 39 0 39 0
SRR4785342.808 808/1 40 0 40 0
SRR4785342.808 808/2 40 0 40 0
SRR4785342.809 809/1 38 0 38 0
SRR4785342.809 809/2 39 0 39 0
SRR4785342.810 810/1 40 0 40 0
SRR4785342.810 810/2 38 0 38 0
SRR4785342.811 811/1 38 0 38 0
SRR4785342.811 811/2 38 0 38 1
SRR4785342.812 812/1 40 0 40 0
SRR4785342.812 812/2 38 0 38 0
SRR4785342.813 813/1 38 0 38 0
SRR4785342.813 813/2 40 0 40 0
SRR4785342.814 814/1 38 0 38 0
SRR4785342.814 814/2 40 0 40 0
SRR4785342.815 815/1 39 0 39 0
SRR4785342.815 815/2 39 0 39 0
SRR4785342.816 816/1 40 0 40 0
SRR4785342.816 816/2 40 0 40 0
SRR4785342.817 817/1 40 0 40 0
SRR4785342.817 817/2 40 0 40 0
SRR4785342.818 818/1 38 0 38 0
SRR4785342.818 818/2 40 0 40 0
SRR4785342.819 819/1 40 0 40 0
SRR4785342.819 819/2 40 0 40 0
SRR4785342.820 820/1 40 0 40 0
SRR4785342.820 820/2 39 0 39 0
SRR4785342.821 821/1 40 0 40 0
SRR4785342.821 821/2 39 0 39 0
SRR4785342.822 822/1 40 0 40 0
SRR4785342.822 822/2 39 0 39 0
SRR4785342.823 823/1 40 0 40 0
SRR4785342.823 823/2 40 0 40 0
SRR4785342.824 824/1 39 0 39 0
SRR4785342.824 824/2 40 0 40 0
SRR4785342.825 825/1 40 0 40 0
SRR4785342.825 825/2 40 0 40 0
SRR4785342.826 826/1 40 0 40 0
SRR4785342.826 826/2 40 0 40 0
SRR4785342.827 827/1 39 0 39 0
SRR4785342.827 827/2 39 0 39 1
SRR4785342.828 828/1 38 0 38 0
SRR4785342.828 828/2 39 0 39 0
SRR4785342.829 829/1 40 0 40 0
SRR4785342.829 829/2 0 0 0 0
SRR4785342.830 830/1 40 0 40 0
SRR4785342.830 830/2 40 0 40 0
SRR4785342.831 831/1 40 0 40 0
SRR4785342.831 831/2 40 0 40 0
SRR4785342.832 832/1 39 0 39 1
SRR4785342.832 832/2 40 0 40 0
SRR4785342.833 833/1 40 0 40 0
SRR4785342.833 833/2 39 0 39 0
SRR4785342.834 834/1 40 0 40 0
SRR4785342.834 834/2 38 0 38 0
SRR4785342.835 835/1 40 0 40 0
SRR4785342.835 835/2 40 0 40 0
SRR4785342.836 836/1 40 0 40 0
SRR4785342.836 836/2 40 0 40 0
SRR4785342.837 837/1 39 0 39 0
SRR4785342.837 837/2 40 0 40 0
SRR4785342.838 838/1 38 0 38 0
SRR4785342.838 838/2 39 0 39 0
SRR4785342.839 839/1 40 0 40 0
SRR4785342.839 839/2 40 0 40 0
SRR4785342.840 840/1 40 0 40 0
SRR4785342.840 840/2 40 0 40 0
SRR4785342.841 841/1 40 0 40 0
SRR4785342.841 841/2 40 0 40 0
SRR4785342.842 842/1 38 0 38 0
SRR4785342.842 842/2 40 0 40 0
SRR4785342.843 843/1 39 0 39 0
SRR4785342.843 843/2 40 0 40 0
SRR4785342.844 844/1 39 0 39 0
SRR4785342.844 844/2 40 0 40 0
SRR4785342.845 845/1 40 0 40 0
SRR4785342.845 845/2 40 0 40 0
SRR4785342.846 846/1 40 0 40 0
SRR4785342.846 846/2 40 0 40 0
SRR4785342.847 847/1 40 0 40 0
SRR4785342.847 847/2 38 0 38 0
SRR4785342.848 848/1 40 0 40 0
SRR4785342.848 848/2 40 0 40 0
SRR4785342.849 849/1 40 0 40 0
SRR4785342.849 849/2 40 0 40 0
SRR4785342.850 850/1 40 0 40 0
SRR4785342.850 850/2 40 0 40 0
SRR4785342.851 851/1 39 0 39 0
SRR4785342.851 851/2 39 0 39 0
SRR4785342.852 852/1 40 0 40 0
SRR4785342.852 852/2 39 0 39 0
SRR4785342.853 853/1 39 0 39 0
SRR4785342.853 853/2 37 0 37 0
SRR4785342.854 854/1 40 0 40 0
SRR4785342.854 854/2 39 0 39 0
SRR4785342.855 855/1 40 0 40 0
SRR4785342.855 855/2 39 0 39 0
SRR4785342.856 856/1 38 0 38 0
SRR4785342.856 856/2 37 0 37 0
SRR4785342.857 857/1 40 0 40 0
SRR4785342.857 857/2 40 0 40 0
SRR4785342.858 858/1 40 0 40 0
SRR4785342.858 858/2 40 0 40 0
SRR4785342.859 859/1 40 0 40 0
SRR4785342.859 859/2 40 0 40 0
SRR4785342.860 860/1 40 0 40 0
SRR4785342.860 860/2 39 0 39 0
SRR4785342.861 861/1 38 0 38 0
SRR4785342.861 861/2 39 0 39 0
SRR4785342.862 862/1 39 0 39 0
SRR4785342.862 862/2 40 0 40 0
SRR4785342.863 863/1 40 0 40 0
SRR4785342.863 863/2 40 0 40 0
SRR4785342.864 864/1 40 0 40 0
SRR4785342.864 864/2 40 0 40 0
SRR4785342.865 865/1 39 0 39 0
SRR4785342.865 865/2 40 0 40 0
SRR4785342.866 866/1 40 0 40 0
SRR4785342.866 866/2 40 0 40 0
SRR4785342.867 867/1 40 0 40 0
SRR4785342.867 867/2 40 0 40 0
SRR4785342.868 868/1 38 0 38 0
SRR4785342.868 868/2 40 0 40 0
SRR4785342.869 869/1 40 0 40 0
SRR4785342.869 869/2 40 0 40 0
SRR4785342.870 870/1 39 0 39 0
SRR4785342.870 870/2 40 0 40 0
SRR4785342.871 871/1 39 0 39 0
SRR4785342.871 871/2 40 0 40 0
SRR4785342.872 872/1 40 0 40 0
SRR4785342.872 872/2 40 0 40 0
SRR4785342.873 873/1 40 0 40 0
SRR4785342.873 873/2 40 0 40 0
SRR4785342.874 874/1 40 0 40 0
SRR4785342.874 874/2 38 0 38 2
SRR4785342.875 875/1 40 0 40 0
SRR4785342.875 875/2 39 0 39 1
SRR4785342.876 876/1 36 0 36 0
SRR4785342.876 876/2 40 0 40 0
SRR4785342.877 877/1 40 0 40 0
SRR4785342.877 877/2 40 0 40 0
SRR4785342.878 878/1 40 0 40 0
SRR4785342.878 878/2 38 0 38 0
SRR4785342.879 879/1 40 0 40 0
SRR4785342.879 879/2 39 0 39 0
SRR4785342.880 880/1 40 0 40 0
SRR4785342.880 880/2 40 0 40 0
SRR4785342.881 881/1 40 0 40 0
SRR4785342.881 881/2 40 0 40 0
SRR4785342.882 882/1 40 0 40 0
SRR4785342.882 882/2 38 0 38 0
SRR4785342.883 883/1 38 0 38 0
SRR4785342.883 883/2 39 0 39 1
SRR4785342.884 884/1 39 0 39 0
SRR4785342.884 884/2 40 0 40 0
SRR4785342.885 885/1 40 0 40 0
SRR4785342.885 885/2 40 0 40 0
SRR4785342.886 886/1 40 0 40 0
SRR4785342.886 886/2 39 0 39 0
SRR4785342.887 887/1 40 0 40 0
SRR4785342.887 887/2 40 0 40 0
SRR4785342.888 888/1 40 0 40 0
SRR4785342.888 888/2 40 0 40 0
SRR4785342.889 889/1 40 0 40 0
SRR4785342.889 889/2 40 0 40 0
SRR4785342.890 890/1 39 0 39 0
SRR4785342.890 890/2 38 0 38 0
SRR4785342.891 891/1 40 0 40 0
SRR4785342.891 891/2 40 0 40 0
SRR4785342.892 892/1 40 0 40 0
SRR4785342.892 892/2 39 0 39 0
SRR4785342.893 893/1 40 0 40 0
SRR4785342.893 893/2 40 0 40 0
SRR4785342.894 894/1 38 0 38 2
SRR4785342.894 894/2 40 0 40 0
SRR4785342.895 895/1 40 0 40 0
SRR4785342.895 895/2 40 0 40 0
SRR4785342.896 896/1 40 0 40 0
SRR4785342.896 896/2 40 0 40 0
SRR4785342.897 897/1 40 0 40 0
SRR4785342.897 897/2 40 0 40 0
SRR4785342.898 898/1 39 0 39 0
SRR4785342.898 898/2 40 0 40 0
SRR4785342.899 899/1 39 0 39 0
SRR4785342.899 899/2 39 0 39 0
SRR4785342.900 900/1 40 0 40 0
SRR4785342.900 900/2 40 0 40 0
SRR4785342.901 901/1 40 0 40 0
SRR4785342.901 901/2 40 0 40 0
SRR4785342.902 902/1 40 0 40 0
SRR4785342.902 902/2 40 0 40 0
SRR4785342.903 903/1 40 0 40 0
SRR4785342.903 903/2 40 0 40 0
SRR4785342.904 904/1 40 0 40 0
SRR4785342.904 904/2 40 0 40 0
SRR4785342.905 905/1 40 0 40 0
SRR4785342.905 905/2 40 0 40 0
SRR4785342.906 906/1 40 0 40 0
SRR4785342.906 906/2 38 0 38 0
SRR4785342.907 907/1 37 0 37 0
SRR4785342.907 907/2 37 0 37 0
SRR4785342.908 908/1 37 0 37 0
SRR4785342.908 908/2 40 0 40 0
SRR4785342.909 909/1 38 0 38 0
SRR4785342.909 909/2 37 0 37 0
SRR4785342.910 910/1 34 0 34 1
SRR4785342.910 910/2 40 0 40 0
SRR4785342.911 911/1 39 0 39 0
SRR4785342.911 911/2 40 0 40 0
SRR4785342.912 912/1 40 0 40 0
SRR4785342.912 912/2 40 0 40 0
SRR4785342.913 913/1 40 0 40 0
SRR4785342.913 913/2 40 0 40 0
SRR4785342.914 914/1 39 0 39 0
SRR4785342.914 914/2 40 0 40 0
SRR4785342.915 915/1 40 0 40 0
SRR4785342.915 915/2 40 0 40 0
SRR4785342.916 916/1 40 0 40 0
SRR4785342.916 916/2 40 0 40 0
SRR4785342.917 917/1 39 0 39 0
SRR4785342.917 917/2 40 0 40 0
SRR4785342.918 918/1 40 0 40 0
SRR4785342.918 918/2 40 0 40 0
SRR4785342.919 919/1 40 0 40 0
SRR4785342.919 919/2 0 0 0 0
SRR4785342.920 920/1 40 0 40 0
SRR4785342.920 920/2 40 0 40 0
SRR4785342.921 921/1 38 0 38 1
SRR4785342.921 921/2 39 0 39 0
SRR4785342.922 922/1 35 0 35 0
SRR4785342.922 922/2 35 0 35 0
SRR4785342.923 923/1 37 0 37 0
SRR4785342.923 923/2 39 0 39 0
SRR4785342.924 924/1 39 0 39 0
SRR4785342.924 924/2 38 0 38 1
SRR4785342.925 925/1 39 0 39 0
SRR4785342.925 925/2 40 0 40 0
SRR4785342.926 926/1 40 0 40 0
SRR4785342.926 926/2 40 0 40 0
SRR4785342.927 927/1 40 0 40 0
SRR4785342.927 927/2 38 0 38 0
SRR4785342.928 928/1 40 0 40 0
SRR4785342.928 928/2 40 0 40 0
SRR4785342.929 929/1 39 0 39 0
SRR4785342.929 929/2 40 0 40 0
SRR4785342.930 930/1 40 0 40 0
SRR4785342.930 930/2 38 0 38 0
SRR4785342.931 931/1 38 0 38 0
SRR4785342.931 931/2 40 0 40 0
SRR4785342.932 932/1 40 0 40 0
SRR4785342.932 932/2 0 0 0 0
SRR4785342.933 933/1 40 0 40 0
SRR4785342.933 933/2 39 0 39 0
SRR4785342.934 934/1 39 0 39 0
SRR4785342.934 934/2 38 0 38 1
SRR4785342.935 935/1 40 0 40 0
SRR4785342.935 935/2 39 0 39 0
SRR4785342.936 936/1 40 0 40 0
SRR4785342.936 936/2 40 0 40 0
SRR4785342.937 937/1 40 0 40 0
SRR4785342.937 937/2 39 0 39 0
SRR4785342.938 938/1 40 0 40 0
SRR4785342.938 938/2 0 0 0 0
SRR4785342.939 939/1 40 0 40 0
SRR4785342.939 939/2 39 0 39 0
SRR4785342.940 940/1 40 0 40 0
SRR4785342.940 940/2 40 0 40 0
SRR4785342.941 941/1 40 0 40 0
SRR4785342.941 941/2 40 0 40 0
SRR4785342.942 942/1 40 0 40 0
SRR4785342.942 942/2 40 0 40 0
SRR4785342.943 943/1 38 0 38 0
SRR4785342.943 943/2 39 0 39 1
SRR4785342.944 944/1 39 0 39 0
SRR4785342.944 944/2 40 0 40 0
SRR4785342.945 945/1 40 0 40 0
SRR4785342.945 945/2 40 0 40 0
SRR4785342.946 946/1 39 0 39 0
SRR4785342.946 946/2 40 0 40 0
SRR4785342.947 947/1 40 0 40 0
SRR4785342.947 947/2 40 0 40 0
SRR4785342.948 948/1 39 0 39 0
SRR4785342.948 948/2 39 0 39 0
SRR4785342.949 949/1 40 0 40 0
SRR4785342.949 949/2 40 0 40 0
SRR4785342.950 950/1 38 0 38 0
SRR4785342.950 950/2 39 0 39 0
SRR4785342.951 951/1 40 0 40 0
SRR4785342.951 951/2 38 0 38 0
SRR4785342.952 952/1 40 0 40 0
SRR4785342.952 952/2 35 0 35 0
SRR4785342.953 953/1 40 0 40 0
SRR4785342.953 953/2 40 0 40 0
SRR4785342.954 954/1 38 0 38 0
SRR4785342.954 954/2 40 0 40 0
SRR4785342.955 955/1 39 0 39 0
SRR4785342.955 955/2 40 0 40 0
SRR4785342.956 956/1 39 0 39 0
SRR4785342.956 956/2 38 0 38 1
SRR4785342.957 957/1 40 0 40 0
SRR4785342.957 957/2 40 0 40 0
SRR4785342.958 958/1 37 0 37 0
SRR4785342.958 958/2 40 0 40 0
SRR4785342.959 959/1 38 0 38 0
SRR4785342.959 959/2 40 0 40 0
SRR4785342.960 960/1 39 0 39 0
SRR4785342.960 960/2 40 0 40 0
SRR4785342.961 961/1 40 0 40 0
SRR4785342.961 961/2 39 0 39 0
SRR4785342.962 962/1 40 0 40 0
SRR4785342.962 962/2 39 0 39 1
SRR4785342.963 963/1 40 0 40 0
SRR4785342.963 963/2 39 0 39 0
SRR4785342.964 964/1 39 0 39 0
SRR4785342.964 964/2 40 0 40 0
SRR4785342.965 965/1 40 0 40 0
SRR4785342.965 965/2 40 0 40 0
SRR4785342.966 966/1 40 0 40 0
SRR4785342.966 966/2 40 0 40 0
SRR4785342.967 967/1 40 0 40 0
SRR4785342.967 967/2 38 0 38 2
SRR4785342.968 968/1 40 0 40 0
SRR4785342.968 968/2 40 0 40 0
SRR4785342.969 969/1 37 0 37 0
SRR4785342.969 969/2 40 0 40 0
SRR4785342.970 970/1 40 0 40 0
SRR4785342.970 970/2 40 0 40 0
SRR4785342.971 971/1 40 0 40 0
SRR4785342.971 971/2 40 0 40 0
SRR4785342.972 972/1 40 0 40 0
SRR4785342.972 972/2 40 0 40 0
SRR4785342.973 973/1 39 0 39 0
SRR4785342.973 973/2 40 0 40 0
SRR4785342.974 974/1 39 0 39 0
SRR4785342.974 974/2 38 0 38 0
SRR4785342.975 975/1 36 0 36 0
SRR4785342.975 975/2 39 0 39 0
SRR4785342.976 976/1 40 0 40 0
SRR4785342.976 976/2 40 0 40 0
SRR4785342.977 977/1 40 0 40 0
SRR4785342.977 977/2 40 0 40 0
SRR4785342.978 978/1 40 0 40 0
SRR4785342.978 978/2 38 0 38 1
SRR4785342.979 979/1 38 0 38 0
SRR4785342.979 979/2 40 0 40 0
SRR4785342.980 980/1 40 0 40 0
SRR4785342.980 980/2 37 0 37 1
SRR4785342.981 981/1 38 0 38 0
SRR4785342.981 981/2 40 0 40 0
SRR4785342.982 982/1 40 0 40 0
SRR4785342.982 982/2 40 0 40 0
SRR4785342.983 983/1 40 0 40 0
SRR4785342.983 983/2 40 0 40 0
SRR4785342.984 984/1 0 0 0 0
SRR4785342.984 984/2 0 0 0 0
SRR4785342.985 985/1 38 0 38 2
SRR4785342.985 985/2 40 0 40 0
SRR4785342.986 986/1 40 0 40 0
SRR4785342.986 986/2 40 0 40 0
SRR4785342.987 987/1 38 0 38 0
SRR4785342.987 987/2 39 0 39 0
SRR4785342.988 988/1 39 0 39 1
SRR4785342.988 988/2 0 0 0 0
SRR4785342.989 989/1 39 0 39 0
SRR4785342.989 989/2 36 0 36 0
SRR4785342.990 990/1 40 0 40 0
SRR4785342.990 990/2 40 0 40 0
SRR4785342.991 991/1 39 0 39 0
SRR4785342.991 991/2 40 0 40 0
SRR4785342.992 992/1 39 0 39 0
SRR4785342.992 992/2 40 0 40 0
SRR4785342.993 993/1 37 0 37 0
SRR4785342.993 993/2 40 0 40 0
SRR4785342.994 994/1 39 0 39 0
SRR4785342.994 994/2 39 0 39 0
SRR4785342.995 995/1 40 0 40 0
SRR4785342.995 995/2 40 0 40 0
SRR4785342.996 996/1 40 0 40 0
SRR4785342.996 996/2 38 0 38 1
SRR4785342.997 997/1 40 0 40 0
SRR4785342.997 997/2 40 0 40 0
SRR4785342.998 998/1 40 0 40 0
SRR4785342.998 998/2 39 0 39 0
SRR4785342.999 999/1 39 0 39 0
SRR4785342.999 999/2 39 0 39 0
SRR4785342.1000 1000/1 40 0 40 0
SRR4785342.1000 1000/2 37 0 37 0
