NC_000076.7	130530862	105548	0
NC_000077.7	121973369	87121	0
NC_000078.7	120092757	101459	0
NC_000079.7	120883175	126051	0
NC_000080.7	125139656	85471	0
NC_000081.7	104073951	63873	0
NC_000082.7	98008968	61206	0
NC_000083.7	95294699	69616	0
NC_000084.7	90720763	66314	0
NC_000085.7	61420004	38684	0
NC_000067.7	195154279	343956	0
NC_000068.8	181755017	268506	0
NC_000069.7	159745316	110707	0
NC_000070.7	156860686	176587	0
NC_000071.7	151758149	109424	0
NC_000072.7	149588044	110457	0
NC_000073.7	144995196	101334	0
NC_000074.7	130127694	82066	0
NC_000075.7	124359700	149876	0
NC_000086.8	169476592	92257	0
NC_000087.8	91455967	13250	0
*	0	0	0
