NC_000076.7	130530862	127147	0
NC_000077.7	121973369	126139	0
NC_000078.7	120092757	134098	0
NC_000079.7	120883175	152382	0
NC_000080.7	125139656	126336	0
NC_000081.7	104073951	99664	0
NC_000082.7	98008968	88404	0
NC_000083.7	95294699	104717	0
NC_000084.7	90720763	86847	0
NC_000085.7	61420004	58294	0
NC_000067.7	195154279	244316	0
NC_000068.8	181755017	245463	0
NC_000069.7	159745316	147087	0
NC_000070.7	156860686	179954	0
NC_000071.7	151758149	158441	0
NC_000072.7	149588044	147114	0
NC_000073.7	144995196	163116	0
NC_000074.7	130127694	127543	0
NC_000075.7	124359700	209165	0
NC_000086.8	169476592	131426	0
NC_000087.8	91455967	20348	0
*	0	0	0
