NC_000076.7	130530862	126527	0
NC_000077.7	121973369	117569	0
NC_000078.7	120092757	128941	0
NC_000079.7	120883175	146693	0
NC_000080.7	125139656	124169	0
NC_000081.7	104073951	98390	0
NC_000082.7	98008968	87685	0
NC_000083.7	95294699	97357	0
NC_000084.7	90720763	86732	0
NC_000085.7	61420004	56076	0
NC_000067.7	195154279	247133	0
NC_000068.8	181755017	228694	0
NC_000069.7	159745316	151176	0
NC_000070.7	156860686	176204	0
NC_000071.7	151758149	153357	0
NC_000072.7	149588044	145586	0
NC_000073.7	144995196	155687	0
NC_000074.7	130127694	123573	0
NC_000075.7	124359700	187292	0
NC_000086.8	169476592	134937	0
NC_000087.8	91455967	22134	0
*	0	0	0
