NC_000076.7	130530862	125249	0
NC_000077.7	121973369	117527	0
NC_000078.7	120092757	128002	0
NC_000079.7	120883175	146310	0
NC_000080.7	125139656	120648	0
NC_000081.7	104073951	94791	0
NC_000082.7	98008968	84905	0
NC_000083.7	95294699	97186	0
NC_000084.7	90720763	86885	0
NC_000085.7	61420004	55553	0
NC_000067.7	195154279	261697	0
NC_000068.8	181755017	245891	0
NC_000069.7	159745316	145207	0
NC_000070.7	156860686	177326	0
NC_000071.7	151758149	148841	0
NC_000072.7	149588044	142398	0
NC_000073.7	144995196	152312	0
NC_000074.7	130127694	118663	0
NC_000075.7	124359700	188634	0
NC_000086.8	169476592	128898	0
NC_000087.8	91455967	20072	0
*	0	0	0
