NC_000076.7	130530862	106817	0
NC_000077.7	121973369	90757	0
NC_000078.7	120092757	103478	0
NC_000079.7	120883175	127186	0
NC_000080.7	125139656	89823	0
NC_000081.7	104073951	67641	0
NC_000082.7	98008968	62796	0
NC_000083.7	95294699	70937	0
NC_000084.7	90720763	68807	0
NC_000085.7	61420004	39685	0
NC_000067.7	195154279	339860	0
NC_000068.8	181755017	272320	0
NC_000069.7	159745316	113635	0
NC_000070.7	156860686	176416	0
NC_000071.7	151758149	113095	0
NC_000072.7	149588044	113705	0
NC_000073.7	144995196	105537	0
NC_000074.7	130127694	85156	0
NC_000075.7	124359700	174676	0
NC_000086.8	169476592	96721	0
NC_000087.8	91455967	14543	0
*	0	0	0
