NC_000076.7	130530862	103640	0
NC_000077.7	121973369	82715	0
NC_000078.7	120092757	98526	0
NC_000079.7	120883175	125351	0
NC_000080.7	125139656	83007	0
NC_000081.7	104073951	60707	0
NC_000082.7	98008968	59693	0
NC_000083.7	95294699	66572	0
NC_000084.7	90720763	62723	0
NC_000085.7	61420004	37293	0
NC_000067.7	195154279	353587	0
NC_000068.8	181755017	282313	0
NC_000069.7	159745316	104598	0
NC_000070.7	156860686	172344	0
NC_000071.7	151758149	102298	0
NC_000072.7	149588044	105314	0
NC_000073.7	144995196	93647	0
NC_000074.7	130127694	75322	0
NC_000075.7	124359700	171964	0
NC_000086.8	169476592	87572	0
NC_000087.8	91455967	12578	0
*	0	0	0
